#
# There is insufficient memory for the Java Runtime Environment to continue.
# Native memory allocation (malloc) failed to allocate 1681024 bytes for Chunk::new
# Possible reasons:
#   The system is out of physical RAM or swap space
#   The process is running with CompressedOops enabled, and the Java Heap may be blocking the growth of the native heap
# Possible solutions:
#   Reduce memory load on the system
#   Increase physical memory or swap space
#   Check if swap backing store is full
#   Decrease Java heap size (-Xmx/-Xms)
#   Decrease number of Java threads
#   Decrease Java thread stack sizes (-Xss)
#   Set larger code cache with -XX:ReservedCodeCacheSize=
#   JVM is running with Zero Based Compressed Oops mode in which the Java heap is
#     placed in the first 32GB address space. The Java Heap base address is the
#     maximum limit for the native heap growth. Please use -XX:HeapBaseMinAddress
#     to set the Java Heap base and to place the Java Heap above 32GB virtual address.
# This output file may be truncated or incomplete.
#
#  Out of Memory Error (allocation.cpp:389), pid=10416, tid=0x0000000000004b00
#
# JRE version: Java(TM) SE Runtime Environment (8.0_261-b12) (build 1.8.0_261-b12)
# Java VM: Java HotSpot(TM) 64-Bit Server VM (25.261-b12 mixed mode windows-amd64 compressed oops)
# Failed to write core dump. Minidumps are not enabled by default on client versions of Windows
#

---------------  T H R E A D  ---------------

Current thread (0x000001f7fdcf2800):  JavaThread "C2 CompilerThread0" daemon [_thread_in_native, id=19200, stack(0x000000b5d2b00000,0x000000b5d2c00000)]

Stack: [0x000000b5d2b00000,0x000000b5d2c00000]
Native frames: (J=compiled Java code, j=interpreted, Vv=VM code, C=native code)
V  [jvm.dll+0x33e5f9]
V  [jvm.dll+0x2850e2]
V  [jvm.dll+0x285d8d]
V  [jvm.dll+0x27c895]
V  [jvm.dll+0xe4d6c]
V  [jvm.dll+0xe556c]
V  [jvm.dll+0x47ed35]
V  [jvm.dll+0x446ab8]
V  [jvm.dll+0x44f8f5]
V  [jvm.dll+0x44ecb5]
V  [jvm.dll+0x439bc7]
V  [jvm.dll+0xbbbcb]
V  [jvm.dll+0xba22b]
V  [jvm.dll+0x24d962]
V  [jvm.dll+0x2a1cfc]
C  [ucrtbase.dll+0x21bb2]
C  [KERNEL32.DLL+0x17034]
C  [ntdll.dll+0x52651]


Current CompileTask:
C2:   6318 4864       4       java.util.ComparableTimSort::countRunAndMakeAscending (123 bytes)


---------------  P R O C E S S  ---------------

Java Threads: ( => current thread )
  0x000001f79b396000 JavaThread "Thread-2" [_thread_in_vm, id=9780, stack(0x000000b5d3300000,0x000000b5d3400000)]
  0x000001f7ffa0a000 JavaThread "background-preinit" [_thread_in_native, id=21900, stack(0x000000b5d3200000,0x000000b5d3300000)]
  0x000001f79aa80800 JavaThread "main" [_thread_in_native, id=17424, stack(0x000000b5d3100000,0x000000b5d3200000)]
  0x000001f7ff0d0800 JavaThread "Service Thread" daemon [_thread_blocked, id=22072, stack(0x000000b5d2f00000,0x000000b5d3000000)]
  0x000001f7fdcfc000 JavaThread "C1 CompilerThread3" daemon [_thread_in_native, id=6252, stack(0x000000b5d2e00000,0x000000b5d2f00000)]
  0x000001f7fdcf9000 JavaThread "C2 CompilerThread2" daemon [_thread_in_native, id=23372, stack(0x000000b5d2d00000,0x000000b5d2e00000)]
  0x000001f7fdcf7000 JavaThread "C2 CompilerThread1" daemon [_thread_blocked, id=24412, stack(0x000000b5d2c00000,0x000000b5d2d00000)]
=>0x000001f7fdcf2800 JavaThread "C2 CompilerThread0" daemon [_thread_in_native, id=19200, stack(0x000000b5d2b00000,0x000000b5d2c00000)]
  0x000001f7fdcef800 JavaThread "Attach Listener" daemon [_thread_blocked, id=13228, stack(0x000000b5d2a00000,0x000000b5d2b00000)]
  0x000001f7fdced800 JavaThread "Signal Dispatcher" daemon [_thread_blocked, id=15644, stack(0x000000b5d2900000,0x000000b5d2a00000)]
  0x000001f7fdcc6800 JavaThread "Finalizer" daemon [_thread_blocked, id=22976, stack(0x000000b5d2800000,0x000000b5d2900000)]
  0x000001f7fdcb7000 JavaThread "Reference Handler" daemon [_thread_blocked, id=23724, stack(0x000000b5d2700000,0x000000b5d2800000)]
  0x000001f7f9459000 JavaThread "main" [_thread_blocked, id=20584, stack(0x000000b5d1d00000,0x000000b5d1e00000)]

Other Threads:
  0x000001f7fd0ce800 VMThread [stack: 0x000000b5d2600000,0x000000b5d2700000] [id=23176]
  0x000001f7fdd6b000 WatcherThread [stack: 0x000000b5d3000000,0x000000b5d3100000] [id=22928]

VM state:not at safepoint (normal execution)

VM Mutex/Monitor currently owned by a thread: None

heap address: 0x00000006c0000000, size: 4096 MB, Compressed Oops mode: Zero based, Oop shift amount: 3
Narrow klass base: 0x0000000000000000, Narrow klass shift: 3
Compressed class space size: 1073741824 Address: 0x00000007c0000000

Heap:
 PSYoungGen      total 84992K, used 44246K [0x000000076ab00000, 0x0000000772980000, 0x00000007c0000000)
  eden space 67584K, 65% used [0x000000076ab00000,0x000000076d635840,0x000000076ed00000)
  from space 17408K, 0% used [0x000000076ed00000,0x000000076ed00000,0x000000076fe00000)
  to   space 20992K, 0% used [0x0000000771500000,0x0000000771500000,0x0000000772980000)
 ParOldGen       total 171008K, used 36381K [0x00000006c0000000, 0x00000006ca700000, 0x000000076ab00000)
  object space 171008K, 21% used [0x00000006c0000000,0x00000006c2387400,0x00000006ca700000)
 Metaspace       used 38965K, capacity 39668K, committed 39808K, reserved 1083392K
  class space    used 4714K, capacity 4917K, committed 4992K, reserved 1048576K

Card table byte_map: [0x000001f7fb210000,0x000001f7fba20000] byte_map_base: 0x000001f7f7c10000

Marking Bits: (ParMarkBitMap*) 0x00000000729a4fb0
 Begin Bits: [0x000001f78f000000, 0x000001f793000000)
 End Bits:   [0x000001f793000000, 0x000001f797000000)

Polling page: 0x000001f7fae20000

CodeCache: size=245760Kb used=15893Kb max_used=16191Kb free=229866Kb
 bounds [0x000001f780000000, 0x000001f781000000, 0x000001f78f000000]
 total_blobs=4846 nmethods=4405 adapters=353
 compilation: enabled

Compilation events (10 events):
Event: 6.291 Thread 0x000001f7fdcfc000 nmethod 5159 0x000001f780756090 code [0x000001f780756200, 0x000001f780756460]
Event: 6.291 Thread 0x000001f7fdcfc000 5160       3       java.util.ArrayList::subListRangeCheck (110 bytes)
Event: 6.292 Thread 0x000001f7fdcfc000 nmethod 5160 0x000001f780308cd0 code [0x000001f780309000, 0x000001f78030a950]
Event: 6.292 Thread 0x000001f7fdcfc000 5164       3       java.util.ArrayList$SubList::<init> (46 bytes)
Event: 6.293 Thread 0x000001f7fdcfc000 nmethod 5164 0x000001f780dfc990 code [0x000001f780dfcb00, 0x000001f780dfcdd8]
Event: 6.293 Thread 0x000001f7fdcfc000 5165       3       java.util.ArrayList$SubList::rangeCheckForAdd (26 bytes)
Event: 6.293 Thread 0x000001f7fdcfc000 nmethod 5165 0x000001f7802c3dd0 code [0x000001f7802c3fe0, 0x000001f7802c4b20]
Event: 6.293 Thread 0x000001f7fdcfc000 5166       3       java.util.ArrayList$SubList$1::<init> (47 bytes)
Event: 6.294 Thread 0x000001f7fdcfc000 nmethod 5166 0x000001f780124810 code [0x000001f780124980, 0x000001f780124b78]
Event: 6.294 Thread 0x000001f7fdcfc000 5167       3       java.util.ArrayList$SubList::size (9 bytes)

GC Heap History (10 events):
Event: 3.662 GC heap before
{Heap before GC invocations=7 (full 1):
 PSYoungGen      total 55808K, used 48128K [0x000000076ab00000, 0x000000076f300000, 0x00000007c0000000)
  eden space 48128K, 100% used [0x000000076ab00000,0x000000076da00000,0x000000076da00000)
  from space 7680K, 0% used [0x000000076db00000,0x000000076db00000,0x000000076e280000)
  to   space 12800K, 0% used [0x000000076e680000,0x000000076e680000,0x000000076f300000)
 ParOldGen       total 97792K, used 14767K [0x00000006c0000000, 0x00000006c5f80000, 0x000000076ab00000)
  object space 97792K, 15% used [0x00000006c0000000,0x00000006c0e6bcc8,0x00000006c5f80000)
 Metaspace       used 21447K, capacity 21960K, committed 22064K, reserved 1069056K
  class space    used 2530K, capacity 2676K, committed 2688K, reserved 1048576K
Event: 3.668 GC heap after
Heap after GC invocations=7 (full 1):
 PSYoungGen      total 61440K, used 9828K [0x000000076ab00000, 0x0000000770780000, 0x00000007c0000000)
  eden space 48640K, 0% used [0x000000076ab00000,0x000000076ab00000,0x000000076da80000)
  from space 12800K, 76% used [0x000000076e680000,0x000000076f019130,0x000000076f300000)
  to   space 12288K, 0% used [0x000000076da80000,0x000000076da80000,0x000000076e680000)
 ParOldGen       total 97792K, used 14775K [0x00000006c0000000, 0x00000006c5f80000, 0x000000076ab00000)
  object space 97792K, 15% used [0x00000006c0000000,0x00000006c0e6dcc8,0x00000006c5f80000)
 Metaspace       used 21447K, capacity 21960K, committed 22064K, reserved 1069056K
  class space    used 2530K, capacity 2676K, committed 2688K, reserved 1048576K
}
Event: 4.366 GC heap before
{Heap before GC invocations=8 (full 1):
 PSYoungGen      total 61440K, used 58468K [0x000000076ab00000, 0x0000000770780000, 0x00000007c0000000)
  eden space 48640K, 100% used [0x000000076ab00000,0x000000076da80000,0x000000076da80000)
  from space 12800K, 76% used [0x000000076e680000,0x000000076f019130,0x000000076f300000)
  to   space 12288K, 0% used [0x000000076da80000,0x000000076da80000,0x000000076e680000)
 ParOldGen       total 97792K, used 14775K [0x00000006c0000000, 0x00000006c5f80000, 0x000000076ab00000)
  object space 97792K, 15% used [0x00000006c0000000,0x00000006c0e6dcc8,0x00000006c5f80000)
 Metaspace       used 22995K, capacity 23564K, committed 23936K, reserved 1071104K
  class space    used 2678K, capacity 2842K, committed 2944K, reserved 1048576K
Event: 4.372 GC heap after
Heap after GC invocations=8 (full 1):
 PSYoungGen      total 60928K, used 12274K [0x000000076ab00000, 0x0000000770c80000, 0x00000007c0000000)
  eden space 48640K, 0% used [0x000000076ab00000,0x000000076ab00000,0x000000076da80000)
  from space 12288K, 99% used [0x000000076da80000,0x000000076e67c878,0x000000076e680000)
  to   space 14848K, 0% used [0x000000076fe00000,0x000000076fe00000,0x0000000770c80000)
 ParOldGen       total 97792K, used 17943K [0x00000006c0000000, 0x00000006c5f80000, 0x000000076ab00000)
  object space 97792K, 18% used [0x00000006c0000000,0x00000006c1185f58,0x00000006c5f80000)
 Metaspace       used 22995K, capacity 23564K, committed 23936K, reserved 1071104K
  class space    used 2678K, capacity 2842K, committed 2944K, reserved 1048576K
}
Event: 5.373 GC heap before
{Heap before GC invocations=9 (full 1):
 PSYoungGen      total 60928K, used 60908K [0x000000076ab00000, 0x0000000770c80000, 0x00000007c0000000)
  eden space 48640K, 99% used [0x000000076ab00000,0x000000076da7eb58,0x000000076da80000)
  from space 12288K, 99% used [0x000000076da80000,0x000000076e67c878,0x000000076e680000)
  to   space 14848K, 0% used [0x000000076fe00000,0x000000076fe00000,0x0000000770c80000)
 ParOldGen       total 97792K, used 17943K [0x00000006c0000000, 0x00000006c5f80000, 0x000000076ab00000)
  object space 97792K, 18% used [0x00000006c0000000,0x00000006c1185f58,0x00000006c5f80000)
 Metaspace       used 26021K, capacity 26686K, committed 26880K, reserved 1073152K
  class space    used 3107K, capacity 3285K, committed 3328K, reserved 1048576K
Event: 5.383 GC heap after
Heap after GC invocations=9 (full 1):
 PSYoungGen      total 82432K, used 14833K [0x000000076ab00000, 0x0000000771180000, 0x00000007c0000000)
  eden space 67584K, 0% used [0x000000076ab00000,0x000000076ab00000,0x000000076ed00000)
  from space 14848K, 99% used [0x000000076fe00000,0x0000000770c7c488,0x0000000770c80000)
  to   space 17408K, 0% used [0x000000076ed00000,0x000000076ed00000,0x000000076fe00000)
 ParOldGen       total 97792K, used 21115K [0x00000006c0000000, 0x00000006c5f80000, 0x000000076ab00000)
  object space 97792K, 21% used [0x00000006c0000000,0x00000006c149ec18,0x00000006c5f80000)
 Metaspace       used 26021K, capacity 26686K, committed 26880K, reserved 1073152K
  class space    used 3107K, capacity 3285K, committed 3328K, reserved 1048576K
}
Event: 5.883 GC heap before
{Heap before GC invocations=10 (full 1):
 PSYoungGen      total 82432K, used 82180K [0x000000076ab00000, 0x0000000771180000, 0x00000007c0000000)
  eden space 67584K, 99% used [0x000000076ab00000,0x000000076ecc4bf0,0x000000076ed00000)
  from space 14848K, 99% used [0x000000076fe00000,0x0000000770c7c488,0x0000000770c80000)
  to   space 17408K, 0% used [0x000000076ed00000,0x000000076ed00000,0x000000076fe00000)
 ParOldGen       total 97792K, used 21115K [0x00000006c0000000, 0x00000006c5f80000, 0x000000076ab00000)
  object space 97792K, 21% used [0x00000006c0000000,0x00000006c149ec18,0x00000006c5f80000)
 Metaspace       used 34595K, capacity 35294K, committed 35496K, reserved 1081344K
  class space    used 4150K, capacity 4341K, committed 4352K, reserved 1048576K
Event: 5.893 GC heap after
Heap after GC invocations=10 (full 1):
 PSYoungGen      total 84992K, used 17388K [0x000000076ab00000, 0x0000000772980000, 0x00000007c0000000)
  eden space 67584K, 0% used [0x000000076ab00000,0x000000076ab00000,0x000000076ed00000)
  from space 17408K, 99% used [0x000000076ed00000,0x000000076fdfb2b8,0x000000076fe00000)
  to   space 20992K, 0% used [0x0000000771500000,0x0000000771500000,0x0000000772980000)
 ParOldGen       total 97792K, used 25681K [0x00000006c0000000, 0x00000006c5f80000, 0x000000076ab00000)
  object space 97792K, 26% used [0x00000006c0000000,0x00000006c1914560,0x00000006c5f80000)
 Metaspace       used 34595K, capacity 35294K, committed 35496K, reserved 1081344K
  class space    used 4150K, capacity 4341K, committed 4352K, reserved 1048576K
}
Event: 5.893 GC heap before
{Heap before GC invocations=11 (full 2):
 PSYoungGen      total 84992K, used 17388K [0x000000076ab00000, 0x0000000772980000, 0x00000007c0000000)
  eden space 67584K, 0% used [0x000000076ab00000,0x000000076ab00000,0x000000076ed00000)
  from space 17408K, 99% used [0x000000076ed00000,0x000000076fdfb2b8,0x000000076fe00000)
  to   space 20992K, 0% used [0x0000000771500000,0x0000000771500000,0x0000000772980000)
 ParOldGen       total 97792K, used 25681K [0x00000006c0000000, 0x00000006c5f80000, 0x000000076ab00000)
  object space 97792K, 26% used [0x00000006c0000000,0x00000006c1914560,0x00000006c5f80000)
 Metaspace       used 34595K, capacity 35294K, committed 35496K, reserved 1081344K
  class space    used 4150K, capacity 4341K, committed 4352K, reserved 1048576K
Event: 5.979 GC heap after
Heap after GC invocations=11 (full 2):
 PSYoungGen      total 84992K, used 0K [0x000000076ab00000, 0x0000000772980000, 0x00000007c0000000)
  eden space 67584K, 0% used [0x000000076ab00000,0x000000076ab00000,0x000000076ed00000)
  from space 17408K, 0% used [0x000000076ed00000,0x000000076ed00000,0x000000076fe00000)
  to   space 20992K, 0% used [0x0000000771500000,0x0000000771500000,0x0000000772980000)
 ParOldGen       total 171008K, used 36381K [0x00000006c0000000, 0x00000006ca700000, 0x000000076ab00000)
  object space 171008K, 21% used [0x00000006c0000000,0x00000006c2387400,0x00000006ca700000)
 Metaspace       used 34595K, capacity 35294K, committed 35496K, reserved 1081344K
  class space    used 4150K, capacity 4341K, committed 4352K, reserved 1048576K
}

Deoptimization events (10 events):
Event: 6.164 Thread 0x000001f79aa80800 Uncommon trap: reason=unstable_if action=reinterpret pc=0x000001f78091fe1c method=java.lang.ThreadLocal$ThreadLocalMap.getEntry(Ljava/lang/ThreadLocal;)Ljava/lang/ThreadLocal$ThreadLocalMap$Entry; @ 29
Event: 6.214 Thread 0x000001f79aa80800 Uncommon trap: reason=class_check action=maybe_recompile pc=0x000001f780bf9370 method=java.util.regex.Pattern$Branch.match(Ljava/util/regex/Matcher;ILjava/lang/CharSequence;)Z @ 50
Event: 6.214 Thread 0x000001f79aa80800 Uncommon trap: reason=class_check action=maybe_recompile pc=0x000001f780bf9370 method=java.util.regex.Pattern$Branch.match(Ljava/util/regex/Matcher;ILjava/lang/CharSequence;)Z @ 50
Event: 6.214 Thread 0x000001f79aa80800 Uncommon trap: reason=bimorphic action=maybe_recompile pc=0x000001f78091ec50 method=java.util.regex.Matcher.match(II)Z @ 86
Event: 6.214 Thread 0x000001f79aa80800 Uncommon trap: reason=class_check action=maybe_recompile pc=0x000001f780bf9370 method=java.util.regex.Pattern$Branch.match(Ljava/util/regex/Matcher;ILjava/lang/CharSequence;)Z @ 50
Event: 6.214 Thread 0x000001f79aa80800 Uncommon trap: reason=class_check action=maybe_recompile pc=0x000001f780bf9370 method=java.util.regex.Pattern$Branch.match(Ljava/util/regex/Matcher;ILjava/lang/CharSequence;)Z @ 50
Event: 6.214 Thread 0x000001f79aa80800 Uncommon trap: reason=bimorphic action=maybe_recompile pc=0x000001f78091ec50 method=java.util.regex.Matcher.match(II)Z @ 86
Event: 6.214 Thread 0x000001f79aa80800 Uncommon trap: reason=bimorphic action=maybe_recompile pc=0x000001f78091ec50 method=java.util.regex.Matcher.match(II)Z @ 86
Event: 6.235 Thread 0x000001f7ffa0a000 Uncommon trap: reason=bimorphic action=maybe_recompile pc=0x000001f780f3a718 method=java.util.regex.Matcher.search(I)Z @ 86
Event: 6.292 Thread 0x000001f79aa80800 Uncommon trap: reason=class_check action=maybe_recompile pc=0x000001f78091f2cc method=java.util.Collections$UnmodifiableMap.isEmpty()Z @ 4

Classes redefined (0 events):
No events

Internal exceptions (10 events):
Event: 6.067 Thread 0x000001f79aa80800 Exception <a 'java/lang/ClassNotFoundException': org/springframework/beans/factory/support/AbstractBeanDefinitionReaderBeanInfo> (0x000000076b387b60) thrown at [C:\jenkins\workspace\8-2-build-windows-amd64-cygwin\jdk8u261\295\hotspot\src\share\vm\classfil
Event: 6.067 Thread 0x000001f79aa80800 Exception <a 'java/lang/ClassNotFoundException': org/springframework/beans/factory/support/AbstractBeanDefinitionReaderCustomizer> (0x000000076b3b0a70) thrown at [C:\jenkins\workspace\8-2-build-windows-amd64-cygwin\jdk8u261\295\hotspot\src\share\vm\classf
Event: 6.069 Thread 0x000001f79aa80800 Exception <a 'java/lang/ClassNotFoundException': org/springframework/beans/factory/groovy/GroovyBeanDefinitionReaderCustomizer> (0x000000076b3ecdd0) thrown at [C:\jenkins\workspace\8-2-build-windows-amd64-cygwin\jdk8u261\295\hotspot\src\share\vm\classfile
Event: 6.185 Thread 0x000001f79aa80800 Exception <a 'java/lang/ClassNotFoundException': java/lang/ObjectCustomizer> (0x000000076bee7150) thrown at [C:\jenkins\workspace\8-2-build-windows-amd64-cygwin\jdk8u261\295\hotspot\src\share\vm\classfile\systemDictionary.cpp, line 210]
Event: 6.185 Thread 0x000001f79aa80800 Exception <a 'java/lang/ClassNotFoundException': org/springframework/context/annotation/ConfigurationClassPostProcessorCustomizer> (0x000000076bf13d60) thrown at [C:\jenkins\workspace\8-2-build-windows-amd64-cygwin\jdk8u261\295\hotspot\src\share\vm\classf
Event: 6.186 Thread 0x000001f79aa80800 Exception <a 'java/lang/ClassNotFoundException': org/springframework/beans/factory/support/BeanDefinitionRegistryPostProcessorCustomizer> (0x000000076bf51c98) thrown at [C:\jenkins\workspace\8-2-build-windows-amd64-cygwin\jdk8u261\295\hotspot\src\share\vm
Event: 6.186 Thread 0x000001f79aa80800 Exception <a 'java/lang/ClassNotFoundException': org/springframework/core/PriorityOrderedCustomizer> (0x000000076bf6f778) thrown at [C:\jenkins\workspace\8-2-build-windows-amd64-cygwin\jdk8u261\295\hotspot\src\share\vm\classfile\systemDictionary.cpp, line
Event: 6.187 Thread 0x000001f79aa80800 Exception <a 'java/lang/ClassNotFoundException': org/springframework/context/ResourceLoaderAwareCustomizer> (0x000000076bf8f400) thrown at [C:\jenkins\workspace\8-2-build-windows-amd64-cygwin\jdk8u261\295\hotspot\src\share\vm\classfile\systemDictionary.cp
Event: 6.187 Thread 0x000001f79aa80800 Exception <a 'java/lang/ClassNotFoundException': org/springframework/beans/factory/BeanClassLoaderAwareCustomizer> (0x000000076bfb3418) thrown at [C:\jenkins\workspace\8-2-build-windows-amd64-cygwin\jdk8u261\295\hotspot\src\share\vm\classfile\systemDictio
Event: 6.187 Thread 0x000001f79aa80800 Exception <a 'java/lang/ClassNotFoundException': org/springframework/context/EnvironmentAwareCustomizer> (0x000000076bfd31a8) thrown at [C:\jenkins\workspace\8-2-build-windows-amd64-cygwin\jdk8u261\295\hotspot\src\share\vm\classfile\systemDictionary.cpp, 

Events (10 events):
Event: 6.292 loading class org/springframework/format/datetime/standard/DateTimeFormatterRegistrar done
Event: 6.292 Thread 0x000001f79aa80800 Uncommon trap: trap_request=0xffffffde fr.pc=0x000001f78091f2cc
Event: 6.292 Thread 0x000001f79aa80800 DEOPT PACKING pc=0x000001f78091f2cc sp=0x000000b5d31fe140
Event: 6.292 Thread 0x000001f79aa80800 DEOPT UNPACKING pc=0x000001f780045843 sp=0x000000b5d31fe0d8 mode 2
Event: 6.292 loading class org/springframework/boot/autoconfigure/AutoConfigurationImportFilter
Event: 6.292 loading class org/springframework/boot/autoconfigure/AutoConfigurationImportFilter done
Event: 6.293 loading class org/springframework/format/FormatterRegistrar
Event: 6.293 loading class org/springframework/format/FormatterRegistrar done
Event: 6.293 Thread 0x000001f79aa80800 DEOPT PACKING pc=0x000001f780b06f1a sp=0x000000b5d31fdd90
Event: 6.293 Thread 0x000001f79aa80800 DEOPT UNPACKING pc=0x000001f780047898 sp=0x000000b5d31fdaf8 mode 0


Dynamic libraries:
0x00007ff6820b0000 - 0x00007ff6820f7000 	C:\Program Files\Java\jdk1.8.0_261\bin\java.exe
0x00007ffc42350000 - 0x00007ffc42545000 	C:\WINDOWS\SYSTEM32\ntdll.dll
0x00007ffc40770000 - 0x00007ffc4082d000 	C:\WINDOWS\System32\KERNEL32.DLL
0x00007ffc3fd20000 - 0x00007ffc3ffe9000 	C:\WINDOWS\System32\KERNELBASE.dll
0x00007ffc41840000 - 0x00007ffc418ec000 	C:\WINDOWS\System32\ADVAPI32.dll
0x00007ffc418f0000 - 0x00007ffc4198e000 	C:\WINDOWS\System32\msvcrt.dll
0x00007ffc40ff0000 - 0x00007ffc4108c000 	C:\WINDOWS\System32\sechost.dll
0x00007ffc41a70000 - 0x00007ffc41b9b000 	C:\WINDOWS\System32\RPCRT4.dll
0x00007ffc40ac0000 - 0x00007ffc40c60000 	C:\WINDOWS\System32\USER32.dll
0x00007ffc3fb90000 - 0x00007ffc3fbb2000 	C:\WINDOWS\System32\win32u.dll
0x00007ffc40f40000 - 0x00007ffc40f6a000 	C:\WINDOWS\System32\GDI32.dll
0x00007ffc40220000 - 0x00007ffc4032b000 	C:\WINDOWS\System32\gdi32full.dll
0x00007ffc3fff0000 - 0x00007ffc4008d000 	C:\WINDOWS\System32\msvcp_win.dll
0x00007ffc3fa90000 - 0x00007ffc3fb90000 	C:\WINDOWS\System32\ucrtbase.dll
0x00007ffc29320000 - 0x00007ffc295ba000 	C:\WINDOWS\WinSxS\amd64_microsoft.windows.common-controls_6595b64144ccf1df_6.0.19041.844_none_ca00b6081b84eb1d\COMCTL32.dll
0x00007ffc40a80000 - 0x00007ffc40ab0000 	C:\WINDOWS\System32\IMM32.DLL
0x00007ffc254e0000 - 0x00007ffc254f5000 	C:\Program Files\Java\jdk1.8.0_261\jre\bin\vcruntime140.dll
0x00007ffc08710000 - 0x00007ffc087ab000 	C:\Program Files\Java\jdk1.8.0_261\jre\bin\msvcp140.dll
0x00000000721b0000 - 0x0000000072a1c000 	C:\Program Files\Java\jdk1.8.0_261\jre\bin\server\jvm.dll
0x00007ffc40ab0000 - 0x00007ffc40ab8000 	C:\WINDOWS\System32\PSAPI.DLL
0x00007ffc22cf0000 - 0x00007ffc22cf9000 	C:\WINDOWS\SYSTEM32\WSOCK32.dll
0x00007ffc40ec0000 - 0x00007ffc40f2b000 	C:\WINDOWS\System32\WS2_32.dll
0x00007ffc2c220000 - 0x00007ffc2c247000 	C:\WINDOWS\SYSTEM32\WINMM.dll
0x00007ffc36db0000 - 0x00007ffc36dba000 	C:\WINDOWS\SYSTEM32\VERSION.dll
0x00007ffc3e3c0000 - 0x00007ffc3e3d2000 	C:\WINDOWS\SYSTEM32\kernel.appcore.dll
0x00007ffc26d30000 - 0x00007ffc26d40000 	C:\Program Files\Java\jdk1.8.0_261\jre\bin\verify.dll
0x00007ffc0bb80000 - 0x00007ffc0bbab000 	C:\Program Files\Java\jdk1.8.0_261\jre\bin\java.dll
0x00007ffc227b0000 - 0x00007ffc227c8000 	C:\Program Files\Java\jdk1.8.0_261\jre\bin\zip.dll
0x00007ffc410f0000 - 0x00007ffc41832000 	C:\WINDOWS\System32\SHELL32.dll
0x00007ffc3dae0000 - 0x00007ffc3e270000 	C:\WINDOWS\SYSTEM32\windows.storage.dll
0x00007ffc403b0000 - 0x00007ffc40705000 	C:\WINDOWS\System32\combase.dll
0x00007ffc3f500000 - 0x00007ffc3f52c000 	C:\WINDOWS\SYSTEM32\Wldp.dll
0x00007ffc40c60000 - 0x00007ffc40d0e000 	C:\WINDOWS\System32\SHCORE.dll
0x00007ffc41090000 - 0x00007ffc410e5000 	C:\WINDOWS\System32\shlwapi.dll
0x00007ffc3f9d0000 - 0x00007ffc3f9ef000 	C:\WINDOWS\SYSTEM32\profapi.dll
0x00007ffc37f30000 - 0x00007ffc37f3a000 	C:\apache-maven-3.6.3\lib\jansi-native\windows64\jansi.dll
0x00007ffc0c400000 - 0x00007ffc0c41c000 	C:\Program Files\Java\jdk1.8.0_261\jre\bin\net.dll
0x00007ffc3f280000 - 0x00007ffc3f2ea000 	C:\WINDOWS\system32\mswsock.dll
0x00007ffc0bb60000 - 0x00007ffc0bb73000 	C:\Program Files\Java\jdk1.8.0_261\jre\bin\nio.dll
0x00007ffc25520000 - 0x00007ffc2552d000 	C:\Program Files\Java\jdk1.8.0_261\jre\bin\management.dll
0x00007ffc0ede0000 - 0x00007ffc0edf7000 	C:\WINDOWS\system32\napinsp.dll
0x00007ffc0e440000 - 0x00007ffc0e45b000 	C:\WINDOWS\system32\pnrpnsp.dll
0x00007ffc3a270000 - 0x00007ffc3a285000 	C:\WINDOWS\system32\wshbth.dll
0x00007ffc3b020000 - 0x00007ffc3b03d000 	C:\WINDOWS\system32\NLAapi.dll
0x00007ffc3ef20000 - 0x00007ffc3ef5b000 	C:\WINDOWS\SYSTEM32\IPHLPAPI.DLL
0x00007ffc3ef60000 - 0x00007ffc3f02b000 	C:\WINDOWS\SYSTEM32\DNSAPI.dll
0x00007ffc42010000 - 0x00007ffc42018000 	C:\WINDOWS\System32\NSI.dll
0x00007ffc0e260000 - 0x00007ffc0e272000 	C:\WINDOWS\System32\winrnr.dll
0x00007ffc36830000 - 0x00007ffc3683a000 	C:\Windows\System32\rasadhlp.dll
0x00007ffc2d240000 - 0x00007ffc2d2bf000 	C:\WINDOWS\System32\fwpuclnt.dll
0x00007ffc401f0000 - 0x00007ffc40217000 	C:\WINDOWS\System32\bcrypt.dll
0x00007ffc3d8f0000 - 0x00007ffc3dad4000 	C:\WINDOWS\SYSTEM32\dbghelp.dll
0x00007ffc40330000 - 0x00007ffc403b0000 	C:\WINDOWS\System32\bcryptPrimitives.dll

VM Arguments:
jvm_args: -Xmx4G -Dclassworlds.conf=C:\apache-maven-3.6.3\bin\..\bin\m2.conf -Dmaven.home=C:\apache-maven-3.6.3\bin\.. -Dlibrary.jansi.path=C:\apache-maven-3.6.3\bin\..\lib\jansi-native -Dmaven.multiModuleProjectDirectory=C:\Users\USUARIO\Desktop\backend-slim4 
java_command: org.codehaus.plexus.classworlds.launcher.Launcher spring-boot:run
java_class_path (initial): C:\apache-maven-3.6.3\bin\..\boot\plexus-classworlds-2.6.0.jar
Launcher Type: SUN_STANDARD

Environment Variables:
JAVA_HOME=C:\Program Files\Java\jdk1.8.0_261
JRE_HOME=C:\Program Files\Java\jre1.8.0_281
CLASSPATH=C:\Program Files\IBM\Informix_JDBC_Driver\lib\ifxjdbc.jar;
PATH=C:\Program Files\Microsoft MPI\Bin\;C:\Program Files (x86)\Common Files\Oracle\Java\javapath;C:\Python39\Scripts\;C:\Python39\;C:\WINDOWS\system32;C:\WINDOWS;C:\WINDOWS\System32\Wbem;C:\WINDOWS\System32\WindowsPowerShell\v1.0\;C:\WINDOWS\System32\OpenSSH\;C:\Program Files\Git\cmd;C:\Program Files\nodejs\;C:\ProgramData\chocolatey\bin;C:\xampp\php;C:\composer;"C:\Program Files\IBM\Informix_JDBC_Driver\lib\ifxjdbc.jar;";C:\apache-maven-3.6.3\bin;C:\apache-tomcat-9.0.43\bin;C:\Program Files\Java\jdk1.8.0_261\bin;C:\Program Files\Java\jre1.8.0_281\bin;-Xms128m -Xmx512m -XX:PermSize=128m -XX:MaxPermSize=256m;C:\Program Files\Azure Data Studio\bin;C:\Program Files (x86)\Microsoft SQL Server\140\Tools\Binn\;C:\Program Files\Microsoft SQL Server\140\Tools\Binn\;C:\Program Files (x86)\Microsoft SQL Server\140\DTS\Binn\;C:\Program Files\Microsoft SQL Server\140\DTS\Binn\;C:\Program Files\Microsoft SQL Server\Client SDK\ODBC\130\Tools\Binn\;C:\Program Files (x86)\Microsoft SQL Server\150\DTS\Binn\;C:\Program Files\Microsoft SQL Server\Client SDK\ODBC\170\Tools\Binn\;C:\Program Files (x86)\Microsoft SQL Server\150\Tools\Binn\;C:\Program Files\Microsoft SQL Server\150\Tools\Binn\;C:\Program Files\Microsoft SQL Server\150\DTS\Binn\;C:\Users\USUARIO\AppData\Local\Microsoft\WindowsApps;C:\Users\USUARIO\AppData\Roaming\npm;C:\Users\USUARIO\AppData\Local\Programs\Microsoft VS Code\bin;C:\Users\USUARIO\AppData\Roaming\Composer\vendor\bin;C:\Program Files\JetBrains\IntelliJ IDEA 2020.2.3\bin;;C:\Program Files\MongoDB\Server\4.4\bin;"C:\Program Files\IBM\Informix_JDBC_Driver\lib\ifxjdbc.jar;";;C:\Program Files\Azure Data Studio\bin
USERNAME=USUARIO
OS=Windows_NT
PROCESSOR_IDENTIFIER=Intel64 Family 6 Model 126 Stepping 5, GenuineIntel



---------------  S Y S T E M  ---------------

OS: Windows 10.0 , 64 bit Build 19041 (10.0.19041.804)

CPU:total 8 (initial active 8) (4 cores per cpu, 2 threads per core) family 6 model 126 stepping 5, cmov, cx8, fxsr, mmx, sse, sse2, sse3, ssse3, sse4.1, sse4.2, popcnt, avx, avx2, aes, clmul, erms, 3dnowpref, lzcnt, ht, tsc, tscinvbit, bmi1, bmi2, adx

Memory: 4k page, physical 12380788k(1194328k free), swap 15964788k(5096k free)

vm_info: Java HotSpot(TM) 64-Bit Server VM (25.261-b12) for windows-amd64 JRE (1.8.0_261-b12), built on Jun 18 2020 06:56:32 by "" with unknown MS VC++:1916

time: Fri Mar 26 08:04:16 2021
timezone: Hora est. Pacífico, Sudamérica
elapsed time: 6 seconds (0d 0h 0m 6s)

