#
# There is insufficient memory for the Java Runtime Environment to continue.
# Native memory allocation (malloc) failed to allocate 484976 bytes for Chunk::new
# Possible reasons:
#   The system is out of physical RAM or swap space
#   The process is running with CompressedOops enabled, and the Java Heap may be blocking the growth of the native heap
# Possible solutions:
#   Reduce memory load on the system
#   Increase physical memory or swap space
#   Check if swap backing store is full
#   Decrease Java heap size (-Xmx/-Xms)
#   Decrease number of Java threads
#   Decrease Java thread stack sizes (-Xss)
#   Set larger code cache with -XX:ReservedCodeCacheSize=
#   JVM is running with Zero Based Compressed Oops mode in which the Java heap is
#     placed in the first 32GB address space. The Java Heap base address is the
#     maximum limit for the native heap growth. Please use -XX:HeapBaseMinAddress
#     to set the Java Heap base and to place the Java Heap above 32GB virtual address.
# This output file may be truncated or incomplete.
#
#  Out of Memory Error (allocation.cpp:389), pid=15984, tid=0x00000000000052cc
#
# JRE version: Java(TM) SE Runtime Environment (8.0_261-b12) (build 1.8.0_261-b12)
# Java VM: Java HotSpot(TM) 64-Bit Server VM (25.261-b12 mixed mode windows-amd64 compressed oops)
# Failed to write core dump. Minidumps are not enabled by default on client versions of Windows
#

---------------  T H R E A D  ---------------

Current thread (0x0000021f68446800):  JavaThread "C2 CompilerThread1" daemon [_thread_in_native, id=21196, stack(0x000000deb9500000,0x000000deb9600000)]

Stack: [0x000000deb9500000,0x000000deb9600000]
Native frames: (J=compiled Java code, j=interpreted, Vv=VM code, C=native code)
V  [jvm.dll+0x33e5f9]
V  [jvm.dll+0x2850e2]
V  [jvm.dll+0x285d8d]
V  [jvm.dll+0x27c895]
V  [jvm.dll+0xe4d6c]
V  [jvm.dll+0xe556c]
V  [jvm.dll+0x47ed35]
V  [jvm.dll+0x44661e]
V  [jvm.dll+0x44f8f5]
V  [jvm.dll+0x44ecb5]
V  [jvm.dll+0x439bc7]
V  [jvm.dll+0xbbbcb]
V  [jvm.dll+0xba22b]
V  [jvm.dll+0x24d962]
V  [jvm.dll+0x2a1cfc]
C  [ucrtbase.dll+0x21bb2]
C  [KERNEL32.DLL+0x17034]
C  [ntdll.dll+0x52651]


Current CompileTask:
C2:  10133 6196       4       java.net.URLClassLoader$1::run (5 bytes)


---------------  P R O C E S S  ---------------

Java Threads: ( => current thread )
  0x0000021f6dbe0800 JavaThread "main" [_thread_in_native, id=8136, stack(0x000000deb9a00000,0x000000deb9b00000)]
  0x0000021f69828800 JavaThread "Service Thread" daemon [_thread_blocked, id=10452, stack(0x000000deb9800000,0x000000deb9900000)]
  0x0000021f6845d800 JavaThread "C1 CompilerThread3" daemon [_thread_in_vm, id=19708, stack(0x000000deb9700000,0x000000deb9800000)]
  0x0000021f6845a800 JavaThread "C2 CompilerThread2" daemon [_thread_in_native, id=10164, stack(0x000000deb9600000,0x000000deb9700000)]
=>0x0000021f68446800 JavaThread "C2 CompilerThread1" daemon [_thread_in_native, id=21196, stack(0x000000deb9500000,0x000000deb9600000)]
  0x0000021f68444800 JavaThread "C2 CompilerThread0" daemon [_thread_in_native, id=3736, stack(0x000000deb9400000,0x000000deb9500000)]
  0x0000021f68457000 JavaThread "Attach Listener" daemon [_thread_blocked, id=20452, stack(0x000000deb9300000,0x000000deb9400000)]
  0x0000021f68455800 JavaThread "Signal Dispatcher" daemon [_thread_blocked, id=5512, stack(0x000000deb9200000,0x000000deb9300000)]
  0x0000021f68428000 JavaThread "Finalizer" daemon [_thread_blocked, id=12964, stack(0x000000deb9100000,0x000000deb9200000)]
  0x0000021f68418800 JavaThread "Reference Handler" daemon [_thread_blocked, id=12416, stack(0x000000deb9000000,0x000000deb9100000)]
  0x0000021f4cb78000 JavaThread "main" [_thread_blocked, id=17460, stack(0x000000deb8600000,0x000000deb8700000)]

Other Threads:
  0x0000021f683f0800 VMThread [stack: 0x000000deb8f00000,0x000000deb9000000] [id=4128]
  0x0000021f68463800 WatcherThread [stack: 0x000000deb9900000,0x000000deb9a00000] [id=14472]

VM state:not at safepoint (normal execution)

VM Mutex/Monitor currently owned by a thread: None

heap address: 0x00000006c0000000, size: 4096 MB, Compressed Oops mode: Zero based, Oop shift amount: 3
Narrow klass base: 0x0000000000000000, Narrow klass shift: 3
Compressed class space size: 1073741824 Address: 0x00000007c0000000

Heap:
 PSYoungGen      total 120320K, used 67543K [0x000000076ab00000, 0x0000000773180000, 0x00000007c0000000)
  eden space 102400K, 65% used [0x000000076ab00000,0x000000076ecf5c40,0x0000000770f00000)
  from space 17920K, 0% used [0x0000000772000000,0x0000000772000000,0x0000000773180000)
  to   space 17408K, 0% used [0x0000000770f00000,0x0000000770f00000,0x0000000772000000)
 ParOldGen       total 152064K, used 33170K [0x00000006c0000000, 0x00000006c9480000, 0x000000076ab00000)
  object space 152064K, 21% used [0x00000006c0000000,0x00000006c2064ba0,0x00000006c9480000)
 Metaspace       used 41340K, capacity 42284K, committed 42624K, reserved 1087488K
  class space    used 4902K, capacity 5167K, committed 5248K, reserved 1048576K

Card table byte_map: [0x0000021f5d9b0000,0x0000021f5e1c0000] byte_map_base: 0x0000021f5a3b0000

Marking Bits: (ParMarkBitMap*) 0x0000000071934fb0
 Begin Bits: [0x0000021f5e720000, 0x0000021f62720000)
 End Bits:   [0x0000021f62720000, 0x0000021f66720000)

Polling page: 0x0000021f4cda0000

CodeCache: size=245760Kb used=20483Kb max_used=20483Kb free=225276Kb
 bounds [0x0000021f4e5f0000, 0x0000021f4fa10000, 0x0000021f5d5f0000]
 total_blobs=5882 nmethods=5434 adapters=360
 compilation: enabled

Compilation events (10 events):
Event: 10.077 Thread 0x0000021f6845d800 6435       3       sun.reflect.ByteVectorImpl::resize (44 bytes)
Event: 10.077 Thread 0x0000021f6845d800 nmethod 6435 0x0000021f4f9d8510 code [0x0000021f4f9d8680, 0x0000021f4f9d8970]
Event: 10.077 Thread 0x0000021f6845d800 6436       3       sun.reflect.ClassFileAssembler::append (30 bytes)
Event: 10.077 Thread 0x0000021f6845d800 nmethod 6436 0x0000021f4f9d8a50 code [0x0000021f4f9d8c00, 0x0000021f4f9d9120]
Event: 10.080 Thread 0x0000021f6845d800 6437       3       org.springframework.core.annotation.AnnotationUtils::postProcessAnnotationAttributes (461 bytes)
Event: 10.085 Thread 0x0000021f6845d800 nmethod 6437 0x0000021f4f9d94d0 code [0x0000021f4f9d9bc0, 0x0000021f4f9def80]
Event: 10.088 Thread 0x0000021f6845d800 6438       1       org.springframework.core.type.classreading.SimpleMetadataReader::getClassMetadata (5 bytes)
Event: 10.088 Thread 0x0000021f6845d800 nmethod 6438 0x0000021f4f9e2250 code [0x0000021f4f9e23a0, 0x0000021f4f9e24b8]
Event: 10.091 Thread 0x0000021f6845d800 6439       3       org.springframework.asm.ClassReader::readAnnotationValue (1211 bytes)
Event: 10.095 Thread 0x0000021f6845d800 nmethod 6439 0x0000021f4f9e2510 code [0x0000021f4f9e2c20, 0x0000021f4f9e6d80]

GC Heap History (10 events):
Event: 7.419 GC heap before
{Heap before GC invocations=8 (full 1):
 PSYoungGen      total 57856K, used 57853K [0x000000076ab00000, 0x0000000771680000, 0x00000007c0000000)
  eden space 45056K, 100% used [0x000000076ab00000,0x000000076d700000,0x000000076d700000)
  from space 12800K, 99% used [0x000000076e680000,0x000000076f2ff770,0x000000076f300000)
  to   space 15872K, 0% used [0x000000076d700000,0x000000076d700000,0x000000076e680000)
 ParOldGen       total 89088K, used 17239K [0x00000006c0000000, 0x00000006c5700000, 0x000000076ab00000)
  object space 89088K, 19% used [0x00000006c0000000,0x00000006c10d5f08,0x00000006c5700000)
 Metaspace       used 23455K, capacity 23944K, committed 24064K, reserved 1071104K
  class space    used 2665K, capacity 2804K, committed 2816K, reserved 1048576K
Event: 7.424 GC heap after
Heap after GC invocations=8 (full 1):
 PSYoungGen      total 60928K, used 14257K [0x000000076ab00000, 0x0000000771400000, 0x00000007c0000000)
  eden space 45056K, 0% used [0x000000076ab00000,0x000000076ab00000,0x000000076d700000)
  from space 15872K, 89% used [0x000000076d700000,0x000000076e4ec5b0,0x000000076e680000)
  to   space 16896K, 0% used [0x0000000770380000,0x0000000770380000,0x0000000771400000)
 ParOldGen       total 89088K, used 17247K [0x00000006c0000000, 0x00000006c5700000, 0x000000076ab00000)
  object space 89088K, 19% used [0x00000006c0000000,0x00000006c10d7f08,0x00000006c5700000)
 Metaspace       used 23455K, capacity 23944K, committed 24064K, reserved 1071104K
  class space    used 2665K, capacity 2804K, committed 2816K, reserved 1048576K
}
Event: 7.855 GC heap before
{Heap before GC invocations=9 (full 1):
 PSYoungGen      total 60928K, used 59313K [0x000000076ab00000, 0x0000000771400000, 0x00000007c0000000)
  eden space 45056K, 100% used [0x000000076ab00000,0x000000076d700000,0x000000076d700000)
  from space 15872K, 89% used [0x000000076d700000,0x000000076e4ec5b0,0x000000076e680000)
  to   space 16896K, 0% used [0x0000000770380000,0x0000000770380000,0x0000000771400000)
 ParOldGen       total 89088K, used 17247K [0x00000006c0000000, 0x00000006c5700000, 0x000000076ab00000)
  object space 89088K, 19% used [0x00000006c0000000,0x00000006c10d7f08,0x00000006c5700000)
 Metaspace       used 23683K, capacity 24244K, committed 24448K, reserved 1071104K
  class space    used 2676K, capacity 2838K, committed 2944K, reserved 1048576K
Event: 7.864 GC heap after
Heap after GC invocations=9 (full 1):
 PSYoungGen      total 89600K, used 15592K [0x000000076ab00000, 0x0000000771800000, 0x00000007c0000000)
  eden space 72704K, 0% used [0x000000076ab00000,0x000000076ab00000,0x000000076f200000)
  from space 16896K, 92% used [0x0000000770380000,0x00000007712ba050,0x0000000771400000)
  to   space 17920K, 0% used [0x000000076f200000,0x000000076f200000,0x0000000770380000)
 ParOldGen       total 89088K, used 17255K [0x00000006c0000000, 0x00000006c5700000, 0x000000076ab00000)
  object space 89088K, 19% used [0x00000006c0000000,0x00000006c10d9f08,0x00000006c5700000)
 Metaspace       used 23683K, capacity 24244K, committed 24448K, reserved 1071104K
  class space    used 2676K, capacity 2838K, committed 2944K, reserved 1048576K
}
Event: 9.005 GC heap before
{Heap before GC invocations=10 (full 1):
 PSYoungGen      total 89600K, used 88296K [0x000000076ab00000, 0x0000000771800000, 0x00000007c0000000)
  eden space 72704K, 100% used [0x000000076ab00000,0x000000076f200000,0x000000076f200000)
  from space 16896K, 92% used [0x0000000770380000,0x00000007712ba050,0x0000000771400000)
  to   space 17920K, 0% used [0x000000076f200000,0x000000076f200000,0x0000000770380000)
 ParOldGen       total 89088K, used 17255K [0x00000006c0000000, 0x00000006c5700000, 0x000000076ab00000)
  object space 89088K, 19% used [0x00000006c0000000,0x00000006c10d9f08,0x00000006c5700000)
 Metaspace       used 27330K, capacity 28062K, committed 28288K, reserved 1075200K
  class space    used 3186K, capacity 3381K, committed 3456K, reserved 1048576K
Event: 9.016 GC heap after
Heap after GC invocations=10 (full 1):
 PSYoungGen      total 90624K, used 9528K [0x000000076ab00000, 0x0000000773180000, 0x00000007c0000000)
  eden space 72704K, 0% used [0x000000076ab00000,0x000000076ab00000,0x000000076f200000)
  from space 17920K, 53% used [0x000000076f200000,0x000000076fb4e3a8,0x0000000770380000)
  to   space 17920K, 0% used [0x0000000772000000,0x0000000772000000,0x0000000773180000)
 ParOldGen       total 89088K, used 29317K [0x00000006c0000000, 0x00000006c5700000, 0x000000076ab00000)
  object space 89088K, 32% used [0x00000006c0000000,0x00000006c1ca17e8,0x00000006c5700000)
 Metaspace       used 27330K, capacity 28062K, committed 28288K, reserved 1075200K
  class space    used 3186K, capacity 3381K, committed 3456K, reserved 1048576K
}
Event: 9.435 GC heap before
{Heap before GC invocations=11 (full 1):
 PSYoungGen      total 90624K, used 73188K [0x000000076ab00000, 0x0000000773180000, 0x00000007c0000000)
  eden space 72704K, 87% used [0x000000076ab00000,0x000000076e92afe0,0x000000076f200000)
  from space 17920K, 53% used [0x000000076f200000,0x000000076fb4e3a8,0x0000000770380000)
  to   space 17920K, 0% used [0x0000000772000000,0x0000000772000000,0x0000000773180000)
 ParOldGen       total 89088K, used 29317K [0x00000006c0000000, 0x00000006c5700000, 0x000000076ab00000)
  object space 89088K, 32% used [0x00000006c0000000,0x00000006c1ca17e8,0x00000006c5700000)
 Metaspace       used 34610K, capacity 35294K, committed 35496K, reserved 1081344K
  class space    used 4075K, capacity 4277K, committed 4352K, reserved 1048576K
Event: 9.442 GC heap after
Heap after GC invocations=11 (full 1):
 PSYoungGen      total 120320K, used 9953K [0x000000076ab00000, 0x0000000773180000, 0x00000007c0000000)
  eden space 102400K, 0% used [0x000000076ab00000,0x000000076ab00000,0x0000000770f00000)
  from space 17920K, 55% used [0x0000000772000000,0x00000007729b86a0,0x0000000773180000)
  to   space 17408K, 0% used [0x0000000770f00000,0x0000000770f00000,0x0000000772000000)
 ParOldGen       total 89088K, used 32211K [0x00000006c0000000, 0x00000006c5700000, 0x000000076ab00000)
  object space 89088K, 36% used [0x00000006c0000000,0x00000006c1f74c68,0x00000006c5700000)
 Metaspace       used 34610K, capacity 35294K, committed 35496K, reserved 1081344K
  class space    used 4075K, capacity 4277K, committed 4352K, reserved 1048576K
}
Event: 9.442 GC heap before
{Heap before GC invocations=12 (full 2):
 PSYoungGen      total 120320K, used 9953K [0x000000076ab00000, 0x0000000773180000, 0x00000007c0000000)
  eden space 102400K, 0% used [0x000000076ab00000,0x000000076ab00000,0x0000000770f00000)
  from space 17920K, 55% used [0x0000000772000000,0x00000007729b86a0,0x0000000773180000)
  to   space 17408K, 0% used [0x0000000770f00000,0x0000000770f00000,0x0000000772000000)
 ParOldGen       total 89088K, used 32211K [0x00000006c0000000, 0x00000006c5700000, 0x000000076ab00000)
  object space 89088K, 36% used [0x00000006c0000000,0x00000006c1f74c68,0x00000006c5700000)
 Metaspace       used 34610K, capacity 35294K, committed 35496K, reserved 1081344K
  class space    used 4075K, capacity 4277K, committed 4352K, reserved 1048576K
Event: 9.534 GC heap after
Heap after GC invocations=12 (full 2):
 PSYoungGen      total 120320K, used 0K [0x000000076ab00000, 0x0000000773180000, 0x00000007c0000000)
  eden space 102400K, 0% used [0x000000076ab00000,0x000000076ab00000,0x0000000770f00000)
  from space 17920K, 0% used [0x0000000772000000,0x0000000772000000,0x0000000773180000)
  to   space 17408K, 0% used [0x0000000770f00000,0x0000000770f00000,0x0000000772000000)
 ParOldGen       total 152064K, used 33170K [0x00000006c0000000, 0x00000006c9480000, 0x000000076ab00000)
  object space 152064K, 21% used [0x00000006c0000000,0x00000006c2064ba0,0x00000006c9480000)
 Metaspace       used 34610K, capacity 35294K, committed 35496K, reserved 1081344K
  class space    used 4075K, capacity 4277K, committed 4352K, reserved 1048576K
}

Deoptimization events (10 events):
Event: 9.893 Thread 0x0000021f6dbe0800 Uncommon trap: reason=unstable_if action=reinterpret pc=0x0000021f4f7383e0 method=org.springframework.asm.ClassReader.readUTF(II[C)Ljava/lang/String; @ 77
Event: 9.956 Thread 0x0000021f6dbe0800 Uncommon trap: reason=bimorphic action=maybe_recompile pc=0x0000021f4f264ddc method=java.util.ComparableTimSort.binarySort([Ljava/lang/Object;III)V @ 94
Event: 9.956 Thread 0x0000021f6dbe0800 Uncommon trap: reason=bimorphic action=maybe_recompile pc=0x0000021f4f264ddc method=java.util.ComparableTimSort.binarySort([Ljava/lang/Object;III)V @ 94
Event: 9.956 Thread 0x0000021f6dbe0800 Uncommon trap: reason=bimorphic action=maybe_recompile pc=0x0000021f4f264ddc method=java.util.ComparableTimSort.binarySort([Ljava/lang/Object;III)V @ 94
Event: 9.956 Thread 0x0000021f6dbe0800 Uncommon trap: reason=bimorphic action=maybe_recompile pc=0x0000021f4f264ddc method=java.util.ComparableTimSort.binarySort([Ljava/lang/Object;III)V @ 94
Event: 9.968 Thread 0x0000021f6dbe0800 Uncommon trap: reason=class_check action=maybe_recompile pc=0x0000021f4ef5df4c method=java.util.Collections$UnmodifiableMap.isEmpty()Z @ 4
Event: 9.990 Thread 0x0000021f6bc96000 Uncommon trap: reason=unstable_if action=reinterpret pc=0x0000021f4f24b738 method=java.util.ArrayList.toArray([Ljava/lang/Object;)[Ljava/lang/Object; @ 48
Event: 9.997 Thread 0x0000021f6bc26000 Uncommon trap: reason=unstable_if action=reinterpret pc=0x0000021f4f201734 method=java.util.concurrent.ConcurrentHashMap.addCount(JI)V @ 34
Event: 10.000 Thread 0x0000021f6dbe0800 Uncommon trap: reason=unstable_if action=reinterpret pc=0x0000021f4ebf0e80 method=java.util.concurrent.ConcurrentHashMap.addCount(JI)V @ 7
Event: 10.058 Thread 0x0000021f6dbe0800 Uncommon trap: reason=unstable_if action=reinterpret pc=0x0000021f4e737248 method=org.springframework.asm.ClassReader.readUTF8(I[C)Ljava/lang/String; @ 11

Classes redefined (0 events):
No events

Internal exceptions (10 events):
Event: 9.646 Thread 0x0000021f6dbe0800 Exception <a 'java/lang/ClassNotFoundException': org/springframework/beans/factory/groovy/GroovyBeanDefinitionReaderCustomizer> (0x000000076b2e50c0) thrown at [C:\jenkins\workspace\8-2-build-windows-amd64-cygwin\jdk8u261\295\hotspot\src\share\vm\classfile
Event: 9.790 Thread 0x0000021f6dbe0800 Exception <a 'java/lang/ClassNotFoundException': java/lang/ObjectCustomizer> (0x000000076bfb5d38) thrown at [C:\jenkins\workspace\8-2-build-windows-amd64-cygwin\jdk8u261\295\hotspot\src\share\vm\classfile\systemDictionary.cpp, line 210]
Event: 9.792 Thread 0x0000021f6dbe0800 Exception <a 'java/lang/ClassNotFoundException': org/springframework/context/annotation/ConfigurationClassPostProcessorCustomizer> (0x000000076bfdd108) thrown at [C:\jenkins\workspace\8-2-build-windows-amd64-cygwin\jdk8u261\295\hotspot\src\share\vm\classf
Event: 9.793 Thread 0x0000021f6dbe0800 Exception <a 'java/lang/ClassNotFoundException': org/springframework/beans/factory/support/BeanDefinitionRegistryPostProcessorCustomizer> (0x000000076c015138) thrown at [C:\jenkins\workspace\8-2-build-windows-amd64-cygwin\jdk8u261\295\hotspot\src\share\vm
Event: 9.793 Thread 0x0000021f6dbe0800 Exception <a 'java/lang/ClassNotFoundException': org/springframework/core/PriorityOrderedCustomizer> (0x000000076c02f3d8) thrown at [C:\jenkins\workspace\8-2-build-windows-amd64-cygwin\jdk8u261\295\hotspot\src\share\vm\classfile\systemDictionary.cpp, line
Event: 9.794 Thread 0x0000021f6dbe0800 Exception <a 'java/lang/ClassNotFoundException': org/springframework/context/ResourceLoaderAwareCustomizer> (0x000000076c04b020) thrown at [C:\jenkins\workspace\8-2-build-windows-amd64-cygwin\jdk8u261\295\hotspot\src\share\vm\classfile\systemDictionary.cp
Event: 9.794 Thread 0x0000021f6dbe0800 Exception <a 'java/lang/ClassNotFoundException': org/springframework/beans/factory/BeanClassLoaderAwareCustomizer> (0x000000076c06a868) thrown at [C:\jenkins\workspace\8-2-build-windows-amd64-cygwin\jdk8u261\295\hotspot\src\share\vm\classfile\systemDictio
Event: 9.795 Thread 0x0000021f6dbe0800 Exception <a 'java/lang/ClassNotFoundException': org/springframework/context/EnvironmentAwareCustomizer> (0x000000076c086858) thrown at [C:\jenkins\workspace\8-2-build-windows-amd64-cygwin\jdk8u261\295\hotspot\src\share\vm\classfile\systemDictionary.cpp, 
Event: 9.990 Thread 0x0000021f6bc96000 Exception <a 'java/lang/NoSuchFieldError': method resolution failed> (0x000000076d47baa8) thrown at [C:\jenkins\workspace\8-2-build-windows-amd64-cygwin\jdk8u261\295\hotspot\src\share\vm\prims\methodHandles.cpp, line 1169]
Event: 9.993 Thread 0x0000021f6bc96000 Exception <a 'java/lang/NoSuchFieldError': method resolution failed> (0x000000076d489168) thrown at [C:\jenkins\workspace\8-2-build-windows-amd64-cygwin\jdk8u261\295\hotspot\src\share\vm\prims\methodHandles.cpp, line 1169]

Events (10 events):
Event: 10.093 loading class org/springframework/boot/autoconfigure/condition/ConditionalOnJava$JavaVersion
Event: 10.093 loading class org/springframework/boot/autoconfigure/condition/ConditionalOnJava$JavaVersion done
Event: 10.094 loading class java/security/cert/URICertStoreParameters
Event: 10.094 loading class java/security/cert/URICertStoreParameters done
Event: 10.095 loading class java/security/cert$URICertStoreParameters
Event: 10.095 loading class java/security/cert$URICertStoreParameters done
Event: 10.095 loading class java/nio/file/Files
Event: 10.096 loading class java/nio/file/Files done
Event: 10.096 loading class org/springframework/boot/autoconfigure/condition/ConditionalOnJava$Range
Event: 10.096 loading class org/springframework/boot/autoconfigure/condition/ConditionalOnJava$Range done


Dynamic libraries:
0x00007ff678980000 - 0x00007ff6789c7000 	C:\Program Files\Java\jdk1.8.0_261\bin\java.exe
0x00007ffc2e750000 - 0x00007ffc2e945000 	C:\WINDOWS\SYSTEM32\ntdll.dll
0x00007ffc2e3d0000 - 0x00007ffc2e48d000 	C:\WINDOWS\System32\KERNEL32.DLL
0x00007ffc2c460000 - 0x00007ffc2c728000 	C:\WINDOWS\System32\KERNELBASE.dll
0x00007ffc2e660000 - 0x00007ffc2e70c000 	C:\WINDOWS\System32\ADVAPI32.dll
0x00007ffc2e330000 - 0x00007ffc2e3ce000 	C:\WINDOWS\System32\msvcrt.dll
0x00007ffc2e490000 - 0x00007ffc2e52b000 	C:\WINDOWS\System32\sechost.dll
0x00007ffc2d7f0000 - 0x00007ffc2d91b000 	C:\WINDOWS\System32\RPCRT4.dll
0x00007ffc2d4c0000 - 0x00007ffc2d660000 	C:\WINDOWS\System32\USER32.dll
0x00007ffc2bf40000 - 0x00007ffc2bf62000 	C:\WINDOWS\System32\win32u.dll
0x00007ffc2e190000 - 0x00007ffc2e1ba000 	C:\WINDOWS\System32\GDI32.dll
0x00007ffc2c010000 - 0x00007ffc2c11b000 	C:\WINDOWS\System32\gdi32full.dll
0x00007ffc2bf70000 - 0x00007ffc2c00d000 	C:\WINDOWS\System32\msvcp_win.dll
0x00007ffc2c120000 - 0x00007ffc2c220000 	C:\WINDOWS\System32\ucrtbase.dll
0x00007ffc1ec40000 - 0x00007ffc1eeda000 	C:\WINDOWS\WinSxS\amd64_microsoft.windows.common-controls_6595b64144ccf1df_6.0.19041.844_none_ca00b6081b84eb1d\COMCTL32.dll
0x00007ffc2e160000 - 0x00007ffc2e190000 	C:\WINDOWS\System32\IMM32.DLL
0x00007ffc21340000 - 0x00007ffc21355000 	C:\Program Files\Java\jdk1.8.0_261\jre\bin\vcruntime140.dll
0x00007ffbf7430000 - 0x00007ffbf74cb000 	C:\Program Files\Java\jdk1.8.0_261\jre\bin\msvcp140.dll
0x0000000071140000 - 0x00000000719ac000 	C:\Program Files\Java\jdk1.8.0_261\jre\bin\server\jvm.dll
0x00007ffc2c810000 - 0x00007ffc2c818000 	C:\WINDOWS\System32\PSAPI.DLL
0x00007ffc20ee0000 - 0x00007ffc20f07000 	C:\WINDOWS\SYSTEM32\WINMM.dll
0x00007ffc25da0000 - 0x00007ffc25daa000 	C:\WINDOWS\SYSTEM32\VERSION.dll
0x00007ffc19500000 - 0x00007ffc19509000 	C:\WINDOWS\SYSTEM32\WSOCK32.dll
0x00007ffc2dfd0000 - 0x00007ffc2e03b000 	C:\WINDOWS\System32\WS2_32.dll
0x00007ffc2a7b0000 - 0x00007ffc2a7c2000 	C:\WINDOWS\SYSTEM32\kernel.appcore.dll
0x00007ffc24450000 - 0x00007ffc24460000 	C:\Program Files\Java\jdk1.8.0_261\jre\bin\verify.dll
0x00007ffc1ef20000 - 0x00007ffc1ef4b000 	C:\Program Files\Java\jdk1.8.0_261\jre\bin\java.dll
0x00007ffc21200000 - 0x00007ffc21218000 	C:\Program Files\Java\jdk1.8.0_261\jre\bin\zip.dll
0x00007ffc2cc90000 - 0x00007ffc2d3d2000 	C:\WINDOWS\System32\SHELL32.dll
0x00007ffc29ec0000 - 0x00007ffc2a651000 	C:\WINDOWS\SYSTEM32\windows.storage.dll
0x00007ffc2da30000 - 0x00007ffc2dd85000 	C:\WINDOWS\System32\combase.dll
0x00007ffc2b900000 - 0x00007ffc2b92c000 	C:\WINDOWS\SYSTEM32\Wldp.dll
0x00007ffc2e5b0000 - 0x00007ffc2e65e000 	C:\WINDOWS\System32\SHCORE.dll
0x00007ffc2d660000 - 0x00007ffc2d6b5000 	C:\WINDOWS\System32\shlwapi.dll
0x00007ffc2bdd0000 - 0x00007ffc2bdef000 	C:\WINDOWS\SYSTEM32\profapi.dll
0x00007ffc264a0000 - 0x00007ffc264aa000 	C:\apache-maven-3.6.3\lib\jansi-native\windows64\jansi.dll
0x00007ffc21180000 - 0x00007ffc2119c000 	C:\Program Files\Java\jdk1.8.0_261\jre\bin\net.dll
0x00007ffc2b670000 - 0x00007ffc2b6da000 	C:\WINDOWS\system32\mswsock.dll
0x00007ffc20d00000 - 0x00007ffc20d13000 	C:\Program Files\Java\jdk1.8.0_261\jre\bin\nio.dll
0x00007ffc21330000 - 0x00007ffc2133d000 	C:\Program Files\Java\jdk1.8.0_261\jre\bin\management.dll
0x00007ffc18eb0000 - 0x00007ffc18ec7000 	C:\WINDOWS\system32\napinsp.dll
0x00007ffc181d0000 - 0x00007ffc181eb000 	C:\WINDOWS\system32\pnrpnsp.dll
0x00007ffc26890000 - 0x00007ffc268a5000 	C:\WINDOWS\system32\wshbth.dll
0x00007ffc25cf0000 - 0x00007ffc25d0d000 	C:\WINDOWS\system32\NLAapi.dll
0x00007ffc2b310000 - 0x00007ffc2b34b000 	C:\WINDOWS\SYSTEM32\IPHLPAPI.DLL
0x00007ffc2b350000 - 0x00007ffc2b41c000 	C:\WINDOWS\SYSTEM32\DNSAPI.dll
0x00007ffc2e5a0000 - 0x00007ffc2e5a8000 	C:\WINDOWS\System32\NSI.dll
0x00007ffc0b040000 - 0x00007ffc0b052000 	C:\WINDOWS\System32\winrnr.dll
0x00007ffc20cc0000 - 0x00007ffc20cca000 	C:\Windows\System32\rasadhlp.dll
0x00007ffc21990000 - 0x00007ffc21a0f000 	C:\WINDOWS\System32\fwpuclnt.dll
0x00007ffc2c270000 - 0x00007ffc2c297000 	C:\WINDOWS\System32\bcrypt.dll
0x00007ffc29cd0000 - 0x00007ffc29eb4000 	C:\WINDOWS\SYSTEM32\dbghelp.dll
0x00007ffc2c730000 - 0x00007ffc2c7b0000 	C:\WINDOWS\System32\bcryptPrimitives.dll

VM Arguments:
jvm_args: -Xmx4G -Dclassworlds.conf=C:\apache-maven-3.6.3\bin\..\bin\m2.conf -Dmaven.home=C:\apache-maven-3.6.3\bin\.. -Dlibrary.jansi.path=C:\apache-maven-3.6.3\bin\..\lib\jansi-native -Dmaven.multiModuleProjectDirectory=C:\Users\USUARIO\Desktop\IMPORTADORA CALI\Proyectos\Back end\backend-slim4 
java_command: org.codehaus.plexus.classworlds.launcher.Launcher spring-boot:run
java_class_path (initial): C:\apache-maven-3.6.3\bin\..\boot\plexus-classworlds-2.6.0.jar
Launcher Type: SUN_STANDARD

Environment Variables:
JAVA_HOME=C:\Program Files\Java\jdk1.8.0_261
JRE_HOME=C:\Program Files\Java\jre1.8.0_281
CLASSPATH=C:\Program Files\IBM\Informix_JDBC_Driver\lib\ifxjdbc.jar;
PATH=C:\Program Files\Microsoft MPI\Bin\;C:\Program Files (x86)\Common Files\Oracle\Java\javapath;C:\Python39\Scripts\;C:\Python39\;C:\WINDOWS\system32;C:\WINDOWS;C:\WINDOWS\System32\Wbem;C:\WINDOWS\System32\WindowsPowerShell\v1.0\;C:\WINDOWS\System32\OpenSSH\;C:\Program Files\Git\cmd;C:\Program Files\nodejs\;C:\ProgramData\chocolatey\bin;C:\xampp\php;C:\composer;"C:\Program Files\IBM\Informix_JDBC_Driver\lib\ifxjdbc.jar;";C:\apache-maven-3.6.3\bin;C:\apache-tomcat-9.0.43\bin;C:\Program Files\Java\jdk1.8.0_261\bin;C:\Program Files\Java\jre1.8.0_281\bin;-Xms128m -Xmx512m -XX:PermSize=128m -XX:MaxPermSize=256m;C:\Program Files\Azure Data Studio\bin;C:\Program Files (x86)\Microsoft SQL Server\140\Tools\Binn\;C:\Program Files\Microsoft SQL Server\140\Tools\Binn\;C:\Program Files (x86)\Microsoft SQL Server\140\DTS\Binn\;C:\Program Files\Microsoft SQL Server\140\DTS\Binn\;C:\Program Files\Microsoft SQL Server\Client SDK\ODBC\130\Tools\Binn\;C:\Program Files (x86)\Microsoft SQL Server\150\DTS\Binn\;C:\Program Files\Microsoft SQL Server\Client SDK\ODBC\170\Tools\Binn\;C:\Program Files (x86)\Microsoft SQL Server\150\Tools\Binn\;C:\Program Files\Microsoft SQL Server\150\Tools\Binn\;C:\Program Files\Microsoft SQL Server\150\DTS\Binn\;C:\Users\USUARIO\AppData\Local\Microsoft\WindowsApps;C:\Users\USUARIO\AppData\Roaming\npm;C:\Users\USUARIO\AppData\Local\Programs\Microsoft VS Code\bin;C:\Users\USUARIO\AppData\Roaming\Composer\vendor\bin;C:\Program Files\JetBrains\IntelliJ IDEA 2020.2.3\bin;;C:\Program Files\MongoDB\Server\4.4\bin;"C:\Program Files\IBM\Informix_JDBC_Driver\lib\ifxjdbc.jar;";;C:\Program Files\Azure Data Studio\bin
USERNAME=USUARIO
OS=Windows_NT
PROCESSOR_IDENTIFIER=Intel64 Family 6 Model 126 Stepping 5, GenuineIntel



---------------  S Y S T E M  ---------------

OS: Windows 10.0 , 64 bit Build 19041 (10.0.19041.928)

CPU:total 8 (initial active 8) (4 cores per cpu, 2 threads per core) family 6 model 126 stepping 5, cmov, cx8, fxsr, mmx, sse, sse2, sse3, ssse3, sse4.1, sse4.2, popcnt, avx, avx2, aes, clmul, erms, 3dnowpref, lzcnt, ht, tsc, tscinvbit, bmi1, bmi2, adx

Memory: 4k page, physical 12380788k(2880188k free), swap 15964788k(2084k free)

vm_info: Java HotSpot(TM) 64-Bit Server VM (25.261-b12) for windows-amd64 JRE (1.8.0_261-b12), built on Jun 18 2020 06:56:32 by "" with unknown MS VC++:1916

time: Tue May  4 14:53:29 2021
timezone: Hora est. Pacífico, Sudamérica
elapsed time: 10 seconds (0d 0h 0m 10s)

