#
# There is insufficient memory for the Java Runtime Environment to continue.
# Native memory allocation (malloc) failed to allocate 1870976 bytes for Chunk::new
# Possible reasons:
#   The system is out of physical RAM or swap space
#   The process is running with CompressedOops enabled, and the Java Heap may be blocking the growth of the native heap
# Possible solutions:
#   Reduce memory load on the system
#   Increase physical memory or swap space
#   Check if swap backing store is full
#   Decrease Java heap size (-Xmx/-Xms)
#   Decrease number of Java threads
#   Decrease Java thread stack sizes (-Xss)
#   Set larger code cache with -XX:ReservedCodeCacheSize=
#   JVM is running with Zero Based Compressed Oops mode in which the Java heap is
#     placed in the first 32GB address space. The Java Heap base address is the
#     maximum limit for the native heap growth. Please use -XX:HeapBaseMinAddress
#     to set the Java Heap base and to place the Java Heap above 32GB virtual address.
# This output file may be truncated or incomplete.
#
#  Out of Memory Error (allocation.cpp:389), pid=11376, tid=0x00000000000053ec
#
# JRE version: Java(TM) SE Runtime Environment (8.0_261-b12) (build 1.8.0_261-b12)
# Java VM: Java HotSpot(TM) 64-Bit Server VM (25.261-b12 mixed mode windows-amd64 compressed oops)
# Failed to write core dump. Minidumps are not enabled by default on client versions of Windows
#

---------------  T H R E A D  ---------------

Current thread (0x000001bcfa1ab000):  JavaThread "C2 CompilerThread2" daemon [_thread_in_native, id=21484, stack(0x000000b215400000,0x000000b215500000)]

Stack: [0x000000b215400000,0x000000b215500000]
Native frames: (J=compiled Java code, j=interpreted, Vv=VM code, C=native code)
V  [jvm.dll+0x33e5f9]
V  [jvm.dll+0x2850e2]
V  [jvm.dll+0x285d8d]
V  [jvm.dll+0x27c895]
V  [jvm.dll+0xe4d6c]
V  [jvm.dll+0xe556c]
V  [jvm.dll+0x47ed35]
V  [jvm.dll+0x446ab8]
V  [jvm.dll+0x44f8f5]
V  [jvm.dll+0x44ecb5]
V  [jvm.dll+0x439bc7]
V  [jvm.dll+0xbbbcb]
V  [jvm.dll+0xba22b]
V  [jvm.dll+0x24d962]
V  [jvm.dll+0x2a1cfc]
C  [ucrtbase.dll+0x21bb2]
C  [KERNEL32.DLL+0x17034]
C  [ntdll.dll+0x52651]


Current CompileTask:
C2:   5510 4861       4       java.util.ComparableTimSort::gallopRight (327 bytes)


---------------  P R O C E S S  ---------------

Java Threads: ( => current thread )
  0x000001bcfb6c9800 JavaThread "Thread-2" [_thread_in_native_trans, id=23912, stack(0x000000b215a00000,0x000000b215b00000)]
  0x000001bcfb845800 JavaThread "background-preinit" [_thread_in_Java, id=21168, stack(0x000000b215900000,0x000000b215a00000)]
  0x000001bc982a5800 JavaThread "main" [_thread_in_vm, id=23920, stack(0x000000b215800000,0x000000b215900000)]
  0x000001bcfa20b800 JavaThread "Service Thread" daemon [_thread_blocked, id=22008, stack(0x000000b215600000,0x000000b215700000)]
  0x000001bcfa1b1800 JavaThread "C1 CompilerThread3" daemon [_thread_in_vm, id=23428, stack(0x000000b215500000,0x000000b215600000)]
=>0x000001bcfa1ab000 JavaThread "C2 CompilerThread2" daemon [_thread_in_native, id=21484, stack(0x000000b215400000,0x000000b215500000)]
  0x000001bcfa19b800 JavaThread "C2 CompilerThread1" daemon [_thread_blocked, id=8380, stack(0x000000b215300000,0x000000b215400000)]
  0x000001bcfa197800 JavaThread "C2 CompilerThread0" daemon [_thread_in_native, id=20620, stack(0x000000b215200000,0x000000b215300000)]
  0x000001bcfa196800 JavaThread "Attach Listener" daemon [_thread_blocked, id=6400, stack(0x000000b215100000,0x000000b215200000)]
  0x000001bcfa194800 JavaThread "Signal Dispatcher" daemon [_thread_blocked, id=24124, stack(0x000000b215000000,0x000000b215100000)]
  0x000001bcfa167800 JavaThread "Finalizer" daemon [_thread_blocked, id=24156, stack(0x000000b214f00000,0x000000b215000000)]
  0x000001bcfa157800 JavaThread "Reference Handler" daemon [_thread_blocked, id=20944, stack(0x000000b214e00000,0x000000b214f00000)]
  0x000001bcf59a5000 JavaThread "main" [_thread_blocked, id=23752, stack(0x000000b214400000,0x000000b214500000)]

Other Threads:
  0x000001bcfa130800 VMThread [stack: 0x000000b214d00000,0x000000b214e00000] [id=10832]
  0x000001bcfa20c800 WatcherThread [stack: 0x000000b215700000,0x000000b215800000] [id=21260]

VM state:not at safepoint (normal execution)

VM Mutex/Monitor currently owned by a thread: None

heap address: 0x00000006c0000000, size: 4096 MB, Compressed Oops mode: Zero based, Oop shift amount: 3
Narrow klass base: 0x0000000000000000, Narrow klass shift: 3
Compressed class space size: 1073741824 Address: 0x00000007c0000000

Heap:
 PSYoungGen      total 150016K, used 50071K [0x000000076ab00000, 0x0000000775b80000, 0x00000007c0000000)
  eden space 130048K, 38% used [0x000000076ab00000,0x000000076dbe5f18,0x0000000772a00000)
  from space 19968K, 0% used [0x0000000773d00000,0x0000000773d00000,0x0000000775080000)
  to   space 19456K, 0% used [0x0000000772a00000,0x0000000772a00000,0x0000000773d00000)
 ParOldGen       total 162304K, used 32640K [0x00000006c0000000, 0x00000006c9e80000, 0x000000076ab00000)
  object space 162304K, 20% used [0x00000006c0000000,0x00000006c1fe0148,0x00000006c9e80000)
 Metaspace       used 39752K, capacity 40558K, committed 40704K, reserved 1085440K
  class space    used 4805K, capacity 5042K, committed 5120K, reserved 1048576K

Card table byte_map: [0x000001bcf7700000,0x000001bcf7f10000] byte_map_base: 0x000001bcf4100000

Marking Bits: (ParMarkBitMap*) 0x00000000729a4fb0
 Begin Bits: [0x000001bc8f000000, 0x000001bc93000000)
 End Bits:   [0x000001bc93000000, 0x000001bc97000000)

Polling page: 0x000001bcf5920000

CodeCache: size=245760Kb used=15496Kb max_used=16940Kb free=230263Kb
 bounds [0x000001bc80000000, 0x000001bc810c0000, 0x000001bc8f000000]
 total_blobs=4867 nmethods=4421 adapters=357
 compilation: enabled

Compilation events (10 events):
Event: 5.480 Thread 0x000001bcfa1b1800 5165       3       java.lang.invoke.MethodTypeForm::canonicalize (233 bytes)
Event: 5.481 Thread 0x000001bcfa1b1800 nmethod 5165 0x000001bc80c511d0 code [0x000001bc80c51420, 0x000001bc80c52000]
Event: 5.481 Thread 0x000001bcfa1b1800 5167       3       java.lang.invoke.MethodType::checkSlotCount (33 bytes)
Event: 5.482 Thread 0x000001bcfa1b1800 nmethod 5167 0x000001bc803df950 code [0x000001bc803dfb40, 0x000001bc803e03c0]
Event: 5.482 Thread 0x000001bcfa1b1800 5168       3       java.lang.String::valueOf (9 bytes)
Event: 5.482 Thread 0x000001bcfa1b1800 nmethod 5168 0x000001bc8095e350 code [0x000001bc8095e4e0, 0x000001bc8095e970]
Event: 5.482 Thread 0x000001bcfa1b1800 5171       3       java.lang.invoke.MemberName::testAllFlags (7 bytes)
Event: 5.482 Thread 0x000001bcfa1b1800 nmethod 5171 0x000001bc804ab5d0 code [0x000001bc804ab740, 0x000001bc804ab958]
Event: 5.482 Thread 0x000001bcfa1b1800 5172   !   3       java.lang.invoke.MemberName::getMethodType (208 bytes)
Event: 5.484 Thread 0x000001bcfa1b1800 nmethod 5172 0x000001bc8026cf90 code [0x000001bc8026d220, 0x000001bc8026ea20]

GC Heap History (10 events):
Event: 2.897 GC heap before
{Heap before GC invocations=6 (full 1):
 PSYoungGen      total 105984K, used 7664K [0x000000076ab00000, 0x0000000771a00000, 0x00000007c0000000)
  eden space 98304K, 0% used [0x000000076ab00000,0x000000076ab00000,0x0000000770b00000)
  from space 7680K, 99% used [0x0000000770b00000,0x000000077127c070,0x0000000771280000)
  to   space 7680K, 0% used [0x0000000771280000,0x0000000771280000,0x0000000771a00000)
 ParOldGen       total 130048K, used 12635K [0x00000006c0000000, 0x00000006c7f00000, 0x000000076ab00000)
  object space 130048K, 9% used [0x00000006c0000000,0x00000006c0c56fb8,0x00000006c7f00000)
 Metaspace       used 20617K, capacity 21128K, committed 21296K, reserved 1069056K
  class space    used 2447K, capacity 2612K, committed 2688K, reserved 1048576K
Event: 2.936 GC heap after
Heap after GC invocations=6 (full 1):
 PSYoungGen      total 105984K, used 0K [0x000000076ab00000, 0x0000000771a00000, 0x00000007c0000000)
  eden space 98304K, 0% used [0x000000076ab00000,0x000000076ab00000,0x0000000770b00000)
  from space 7680K, 0% used [0x0000000770b00000,0x0000000770b00000,0x0000000771280000)
  to   space 7680K, 0% used [0x0000000771280000,0x0000000771280000,0x0000000771a00000)
 ParOldGen       total 95744K, used 14772K [0x00000006c0000000, 0x00000006c5d80000, 0x000000076ab00000)
  object space 95744K, 15% used [0x00000006c0000000,0x00000006c0e6d3c8,0x00000006c5d80000)
 Metaspace       used 20617K, capacity 21128K, committed 21296K, reserved 1069056K
  class space    used 2447K, capacity 2612K, committed 2688K, reserved 1048576K
}
Event: 3.881 GC heap before
{Heap before GC invocations=7 (full 1):
 PSYoungGen      total 105984K, used 98304K [0x000000076ab00000, 0x0000000771a00000, 0x00000007c0000000)
  eden space 98304K, 100% used [0x000000076ab00000,0x0000000770b00000,0x0000000770b00000)
  from space 7680K, 0% used [0x0000000770b00000,0x0000000770b00000,0x0000000771280000)
  to   space 7680K, 0% used [0x0000000771280000,0x0000000771280000,0x0000000771a00000)
 ParOldGen       total 95744K, used 14772K [0x00000006c0000000, 0x00000006c5d80000, 0x000000076ab00000)
  object space 95744K, 15% used [0x00000006c0000000,0x00000006c0e6d3c8,0x00000006c5d80000)
 Metaspace       used 22927K, capacity 23500K, committed 23680K, reserved 1071104K
  class space    used 2676K, capacity 2842K, committed 2944K, reserved 1048576K
Event: 3.896 GC heap after
Heap after GC invocations=7 (full 1):
 PSYoungGen      total 96256K, used 7662K [0x000000076ab00000, 0x0000000775b00000, 0x00000007c0000000)
  eden space 88576K, 0% used [0x000000076ab00000,0x000000076ab00000,0x0000000770180000)
  from space 7680K, 99% used [0x0000000771280000,0x00000007719fbaf8,0x0000000771a00000)
  to   space 17408K, 0% used [0x0000000770180000,0x0000000770180000,0x0000000771280000)
 ParOldGen       total 95744K, used 26277K [0x00000006c0000000, 0x00000006c5d80000, 0x000000076ab00000)
  object space 95744K, 27% used [0x00000006c0000000,0x00000006c19a9740,0x00000006c5d80000)
 Metaspace       used 22927K, capacity 23500K, committed 23680K, reserved 1071104K
  class space    used 2676K, capacity 2842K, committed 2944K, reserved 1048576K
}
Event: 4.912 GC heap before
{Heap before GC invocations=8 (full 1):
 PSYoungGen      total 96256K, used 96238K [0x000000076ab00000, 0x0000000775b00000, 0x00000007c0000000)
  eden space 88576K, 100% used [0x000000076ab00000,0x0000000770180000,0x0000000770180000)
  from space 7680K, 99% used [0x0000000771280000,0x00000007719fbaf8,0x0000000771a00000)
  to   space 17408K, 0% used [0x0000000770180000,0x0000000770180000,0x0000000771280000)
 ParOldGen       total 95744K, used 26277K [0x00000006c0000000, 0x00000006c5d80000, 0x000000076ab00000)
  object space 95744K, 27% used [0x00000006c0000000,0x00000006c19a9740,0x00000006c5d80000)
 Metaspace       used 30523K, capacity 31198K, committed 31360K, reserved 1077248K
  class space    used 3681K, capacity 3893K, committed 3968K, reserved 1048576K
Event: 4.922 GC heap after
Heap after GC invocations=8 (full 1):
 PSYoungGen      total 105984K, used 17396K [0x000000076ab00000, 0x0000000775080000, 0x00000007c0000000)
  eden space 88576K, 0% used [0x000000076ab00000,0x000000076ab00000,0x0000000770180000)
  from space 17408K, 99% used [0x0000000770180000,0x000000077127d2f0,0x0000000771280000)
  to   space 19968K, 0% used [0x0000000773d00000,0x0000000773d00000,0x0000000775080000)
 ParOldGen       total 95744K, used 26959K [0x00000006c0000000, 0x00000006c5d80000, 0x000000076ab00000)
  object space 95744K, 28% used [0x00000006c0000000,0x00000006c1a53ed8,0x00000006c5d80000)
 Metaspace       used 30523K, capacity 31198K, committed 31360K, reserved 1077248K
  class space    used 3681K, capacity 3893K, committed 3968K, reserved 1048576K
}
Event: 5.044 GC heap before
{Heap before GC invocations=9 (full 1):
 PSYoungGen      total 105984K, used 45877K [0x000000076ab00000, 0x0000000775080000, 0x00000007c0000000)
  eden space 88576K, 32% used [0x000000076ab00000,0x000000076c6d0440,0x0000000770180000)
  from space 17408K, 99% used [0x0000000770180000,0x000000077127d2f0,0x0000000771280000)
  to   space 19968K, 0% used [0x0000000773d00000,0x0000000773d00000,0x0000000775080000)
 ParOldGen       total 95744K, used 26959K [0x00000006c0000000, 0x00000006c5d80000, 0x000000076ab00000)
  object space 95744K, 28% used [0x00000006c0000000,0x00000006c1a53ed8,0x00000006c5d80000)
 Metaspace       used 34545K, capacity 35262K, committed 35456K, reserved 1081344K
  class space    used 4149K, capacity 4373K, committed 4480K, reserved 1048576K
Event: 5.050 GC heap after
Heap after GC invocations=9 (full 1):
 PSYoungGen      total 150016K, used 13318K [0x000000076ab00000, 0x0000000775b80000, 0x00000007c0000000)
  eden space 130048K, 0% used [0x000000076ab00000,0x000000076ab00000,0x0000000772a00000)
  from space 19968K, 66% used [0x0000000773d00000,0x0000000774a019c8,0x0000000775080000)
  to   space 19456K, 0% used [0x0000000772a00000,0x0000000772a00000,0x0000000773d00000)
 ParOldGen       total 95744K, used 26967K [0x00000006c0000000, 0x00000006c5d80000, 0x000000076ab00000)
  object space 95744K, 28% used [0x00000006c0000000,0x00000006c1a55ed8,0x00000006c5d80000)
 Metaspace       used 34545K, capacity 35262K, committed 35456K, reserved 1081344K
  class space    used 4149K, capacity 4373K, committed 4480K, reserved 1048576K
}
Event: 5.051 GC heap before
{Heap before GC invocations=10 (full 2):
 PSYoungGen      total 150016K, used 13318K [0x000000076ab00000, 0x0000000775b80000, 0x00000007c0000000)
  eden space 130048K, 0% used [0x000000076ab00000,0x000000076ab00000,0x0000000772a00000)
  from space 19968K, 66% used [0x0000000773d00000,0x0000000774a019c8,0x0000000775080000)
  to   space 19456K, 0% used [0x0000000772a00000,0x0000000772a00000,0x0000000773d00000)
 ParOldGen       total 95744K, used 26967K [0x00000006c0000000, 0x00000006c5d80000, 0x000000076ab00000)
  object space 95744K, 28% used [0x00000006c0000000,0x00000006c1a55ed8,0x00000006c5d80000)
 Metaspace       used 34545K, capacity 35262K, committed 35456K, reserved 1081344K
  class space    used 4149K, capacity 4373K, committed 4480K, reserved 1048576K
Event: 5.142 GC heap after
Heap after GC invocations=10 (full 2):
 PSYoungGen      total 150016K, used 0K [0x000000076ab00000, 0x0000000775b80000, 0x00000007c0000000)
  eden space 130048K, 0% used [0x000000076ab00000,0x000000076ab00000,0x0000000772a00000)
  from space 19968K, 0% used [0x0000000773d00000,0x0000000773d00000,0x0000000775080000)
  to   space 19456K, 0% used [0x0000000772a00000,0x0000000772a00000,0x0000000773d00000)
 ParOldGen       total 162304K, used 32640K [0x00000006c0000000, 0x00000006c9e80000, 0x000000076ab00000)
  object space 162304K, 20% used [0x00000006c0000000,0x00000006c1fe0148,0x00000006c9e80000)
 Metaspace       used 34545K, capacity 35262K, committed 35456K, reserved 1081344K
  class space    used 4149K, capacity 4373K, committed 4480K, reserved 1048576K
}

Deoptimization events (10 events):
Event: 5.375 Thread 0x000001bc982a5800 Uncommon trap: reason=bimorphic action=maybe_recompile pc=0x000001bc808dc3d0 method=java.util.regex.Matcher.match(II)Z @ 86
Event: 5.375 Thread 0x000001bc982a5800 Uncommon trap: reason=class_check action=maybe_recompile pc=0x000001bc80bb5530 method=java.util.regex.Pattern$Branch.match(Ljava/util/regex/Matcher;ILjava/lang/CharSequence;)Z @ 50
Event: 5.375 Thread 0x000001bc982a5800 Uncommon trap: reason=class_check action=maybe_recompile pc=0x000001bc80bb5530 method=java.util.regex.Pattern$Branch.match(Ljava/util/regex/Matcher;ILjava/lang/CharSequence;)Z @ 50
Event: 5.375 Thread 0x000001bc982a5800 Uncommon trap: reason=bimorphic action=maybe_recompile pc=0x000001bc808dc3d0 method=java.util.regex.Matcher.match(II)Z @ 86
Event: 5.375 Thread 0x000001bc982a5800 Uncommon trap: reason=bimorphic action=maybe_recompile pc=0x000001bc808dc3d0 method=java.util.regex.Matcher.match(II)Z @ 86
Event: 5.444 Thread 0x000001bc982a5800 Uncommon trap: reason=bimorphic action=maybe_recompile pc=0x000001bc80292d30 method=java.util.ComparableTimSort.binarySort([Ljava/lang/Object;III)V @ 94
Event: 5.444 Thread 0x000001bc982a5800 Uncommon trap: reason=bimorphic action=maybe_recompile pc=0x000001bc80292d30 method=java.util.ComparableTimSort.binarySort([Ljava/lang/Object;III)V @ 94
Event: 5.444 Thread 0x000001bc982a5800 Uncommon trap: reason=bimorphic action=maybe_recompile pc=0x000001bc80292d30 method=java.util.ComparableTimSort.binarySort([Ljava/lang/Object;III)V @ 94
Event: 5.444 Thread 0x000001bc982a5800 Uncommon trap: reason=bimorphic action=maybe_recompile pc=0x000001bc80292d30 method=java.util.ComparableTimSort.binarySort([Ljava/lang/Object;III)V @ 94
Event: 5.454 Thread 0x000001bc982a5800 Uncommon trap: reason=class_check action=maybe_recompile pc=0x000001bc809e4c8c method=java.util.Collections$UnmodifiableMap.isEmpty()Z @ 4

Classes redefined (0 events):
No events

Internal exceptions (10 events):
Event: 5.208 Thread 0x000001bc982a5800 Exception <a 'java/lang/ClassNotFoundException': org/springframework/beans/factory/support/AbstractBeanDefinitionReaderBeanInfo> (0x000000076b47b870) thrown at [C:\jenkins\workspace\8-2-build-windows-amd64-cygwin\jdk8u261\295\hotspot\src\share\vm\classfil
Event: 5.209 Thread 0x000001bc982a5800 Exception <a 'java/lang/ClassNotFoundException': org/springframework/beans/factory/support/AbstractBeanDefinitionReaderCustomizer> (0x000000076b4a4780) thrown at [C:\jenkins\workspace\8-2-build-windows-amd64-cygwin\jdk8u261\295\hotspot\src\share\vm\classf
Event: 5.211 Thread 0x000001bc982a5800 Exception <a 'java/lang/ClassNotFoundException': org/springframework/beans/factory/groovy/GroovyBeanDefinitionReaderCustomizer> (0x000000076b4e0ad0) thrown at [C:\jenkins\workspace\8-2-build-windows-amd64-cygwin\jdk8u261\295\hotspot\src\share\vm\classfile
Event: 5.343 Thread 0x000001bc982a5800 Exception <a 'java/lang/ClassNotFoundException': java/lang/ObjectCustomizer> (0x000000076c114c78) thrown at [C:\jenkins\workspace\8-2-build-windows-amd64-cygwin\jdk8u261\295\hotspot\src\share\vm\classfile\systemDictionary.cpp, line 210]
Event: 5.344 Thread 0x000001bc982a5800 Exception <a 'java/lang/ClassNotFoundException': org/springframework/context/annotation/ConfigurationClassPostProcessorCustomizer> (0x000000076c141888) thrown at [C:\jenkins\workspace\8-2-build-windows-amd64-cygwin\jdk8u261\295\hotspot\src\share\vm\classf
Event: 5.345 Thread 0x000001bc982a5800 Exception <a 'java/lang/ClassNotFoundException': org/springframework/beans/factory/support/BeanDefinitionRegistryPostProcessorCustomizer> (0x000000076c25fb50) thrown at [C:\jenkins\workspace\8-2-build-windows-amd64-cygwin\jdk8u261\295\hotspot\src\share\vm
Event: 5.345 Thread 0x000001bc982a5800 Exception <a 'java/lang/ClassNotFoundException': org/springframework/core/PriorityOrderedCustomizer> (0x000000076c27d630) thrown at [C:\jenkins\workspace\8-2-build-windows-amd64-cygwin\jdk8u261\295\hotspot\src\share\vm\classfile\systemDictionary.cpp, line
Event: 5.346 Thread 0x000001bc982a5800 Exception <a 'java/lang/ClassNotFoundException': org/springframework/context/ResourceLoaderAwareCustomizer> (0x000000076c29d2b8) thrown at [C:\jenkins\workspace\8-2-build-windows-amd64-cygwin\jdk8u261\295\hotspot\src\share\vm\classfile\systemDictionary.cp
Event: 5.346 Thread 0x000001bc982a5800 Exception <a 'java/lang/ClassNotFoundException': org/springframework/beans/factory/BeanClassLoaderAwareCustomizer> (0x000000076c2c12d0) thrown at [C:\jenkins\workspace\8-2-build-windows-amd64-cygwin\jdk8u261\295\hotspot\src\share\vm\classfile\systemDictio
Event: 5.347 Thread 0x000001bc982a5800 Exception <a 'java/lang/ClassNotFoundException': org/springframework/context/EnvironmentAwareCustomizer> (0x000000076c2e1050) thrown at [C:\jenkins\workspace\8-2-build-windows-amd64-cygwin\jdk8u261\295\hotspot\src\share\vm\classfile\systemDictionary.cpp, 

Events (10 events):
Event: 5.484 loading class org/springframework/security/oauth2/common/OAuth2AccessToken done
Event: 5.484 loading class org/springframework/security/config/annotation/authentication/configurers/GlobalAuthenticationConfigurerAdapter done
Event: 5.484 loading class java/lang/invoke/MethodHandleImpl$Lazy
Event: 5.484 loading class java/lang/invoke/MethodHandleImpl$Lazy done
Event: 5.484 Executing VM operation: RevokeBias
Event: 5.484 Executing VM operation: RevokeBias done
Event: 5.484 loading class org/h2/server/web/WebServlet
Event: 5.484 loading class org/h2/server/web/WebServlet done
Event: 5.484 loading class org/springframework/cloud/config/java/CloudScanConfiguration
Event: 5.484 loading class org/springframework/cloud/config/java/CloudScanConfiguration done


Dynamic libraries:
0x00007ff6820b0000 - 0x00007ff6820f7000 	C:\Program Files\Java\jdk1.8.0_261\bin\java.exe
0x00007ffc42350000 - 0x00007ffc42545000 	C:\WINDOWS\SYSTEM32\ntdll.dll
0x00007ffc40770000 - 0x00007ffc4082d000 	C:\WINDOWS\System32\KERNEL32.DLL
0x00007ffc3fd20000 - 0x00007ffc3ffe9000 	C:\WINDOWS\System32\KERNELBASE.dll
0x00007ffc41840000 - 0x00007ffc418ec000 	C:\WINDOWS\System32\ADVAPI32.dll
0x00007ffc418f0000 - 0x00007ffc4198e000 	C:\WINDOWS\System32\msvcrt.dll
0x00007ffc40ff0000 - 0x00007ffc4108c000 	C:\WINDOWS\System32\sechost.dll
0x00007ffc41a70000 - 0x00007ffc41b9b000 	C:\WINDOWS\System32\RPCRT4.dll
0x00007ffc40ac0000 - 0x00007ffc40c60000 	C:\WINDOWS\System32\USER32.dll
0x00007ffc3fb90000 - 0x00007ffc3fbb2000 	C:\WINDOWS\System32\win32u.dll
0x00007ffc40f40000 - 0x00007ffc40f6a000 	C:\WINDOWS\System32\GDI32.dll
0x00007ffc40220000 - 0x00007ffc4032b000 	C:\WINDOWS\System32\gdi32full.dll
0x00007ffc3fff0000 - 0x00007ffc4008d000 	C:\WINDOWS\System32\msvcp_win.dll
0x00007ffc3fa90000 - 0x00007ffc3fb90000 	C:\WINDOWS\System32\ucrtbase.dll
0x00007ffc29320000 - 0x00007ffc295ba000 	C:\WINDOWS\WinSxS\amd64_microsoft.windows.common-controls_6595b64144ccf1df_6.0.19041.844_none_ca00b6081b84eb1d\COMCTL32.dll
0x00007ffc40a80000 - 0x00007ffc40ab0000 	C:\WINDOWS\System32\IMM32.DLL
0x00007ffc254e0000 - 0x00007ffc254f5000 	C:\Program Files\Java\jdk1.8.0_261\jre\bin\vcruntime140.dll
0x00007ffc08710000 - 0x00007ffc087ab000 	C:\Program Files\Java\jdk1.8.0_261\jre\bin\msvcp140.dll
0x00000000721b0000 - 0x0000000072a1c000 	C:\Program Files\Java\jdk1.8.0_261\jre\bin\server\jvm.dll
0x00007ffc40ab0000 - 0x00007ffc40ab8000 	C:\WINDOWS\System32\PSAPI.DLL
0x00007ffc36db0000 - 0x00007ffc36dba000 	C:\WINDOWS\SYSTEM32\VERSION.dll
0x00007ffc22cf0000 - 0x00007ffc22cf9000 	C:\WINDOWS\SYSTEM32\WSOCK32.dll
0x00007ffc2c220000 - 0x00007ffc2c247000 	C:\WINDOWS\SYSTEM32\WINMM.dll
0x00007ffc40ec0000 - 0x00007ffc40f2b000 	C:\WINDOWS\System32\WS2_32.dll
0x00007ffc3e3c0000 - 0x00007ffc3e3d2000 	C:\WINDOWS\SYSTEM32\kernel.appcore.dll
0x00007ffc26d30000 - 0x00007ffc26d40000 	C:\Program Files\Java\jdk1.8.0_261\jre\bin\verify.dll
0x00007ffc0bb80000 - 0x00007ffc0bbab000 	C:\Program Files\Java\jdk1.8.0_261\jre\bin\java.dll
0x00007ffc227b0000 - 0x00007ffc227c8000 	C:\Program Files\Java\jdk1.8.0_261\jre\bin\zip.dll
0x00007ffc410f0000 - 0x00007ffc41832000 	C:\WINDOWS\System32\SHELL32.dll
0x00007ffc3dae0000 - 0x00007ffc3e270000 	C:\WINDOWS\SYSTEM32\windows.storage.dll
0x00007ffc403b0000 - 0x00007ffc40705000 	C:\WINDOWS\System32\combase.dll
0x00007ffc3f500000 - 0x00007ffc3f52c000 	C:\WINDOWS\SYSTEM32\Wldp.dll
0x00007ffc40c60000 - 0x00007ffc40d0e000 	C:\WINDOWS\System32\SHCORE.dll
0x00007ffc41090000 - 0x00007ffc410e5000 	C:\WINDOWS\System32\shlwapi.dll
0x00007ffc3f9d0000 - 0x00007ffc3f9ef000 	C:\WINDOWS\SYSTEM32\profapi.dll
0x00007ffc37f30000 - 0x00007ffc37f3a000 	C:\apache-maven-3.6.3\lib\jansi-native\windows64\jansi.dll
0x00007ffc0c400000 - 0x00007ffc0c41c000 	C:\Program Files\Java\jdk1.8.0_261\jre\bin\net.dll
0x00007ffc3f280000 - 0x00007ffc3f2ea000 	C:\WINDOWS\system32\mswsock.dll
0x00007ffc0bb60000 - 0x00007ffc0bb73000 	C:\Program Files\Java\jdk1.8.0_261\jre\bin\nio.dll
0x00007ffc25520000 - 0x00007ffc2552d000 	C:\Program Files\Java\jdk1.8.0_261\jre\bin\management.dll
0x00007ffc0ede0000 - 0x00007ffc0edf7000 	C:\WINDOWS\system32\napinsp.dll
0x00007ffc0e440000 - 0x00007ffc0e45b000 	C:\WINDOWS\system32\pnrpnsp.dll
0x00007ffc3a270000 - 0x00007ffc3a285000 	C:\WINDOWS\system32\wshbth.dll
0x00007ffc3b020000 - 0x00007ffc3b03d000 	C:\WINDOWS\system32\NLAapi.dll
0x00007ffc3ef20000 - 0x00007ffc3ef5b000 	C:\WINDOWS\SYSTEM32\IPHLPAPI.DLL
0x00007ffc3ef60000 - 0x00007ffc3f02b000 	C:\WINDOWS\SYSTEM32\DNSAPI.dll
0x00007ffc42010000 - 0x00007ffc42018000 	C:\WINDOWS\System32\NSI.dll
0x00007ffc0e260000 - 0x00007ffc0e272000 	C:\WINDOWS\System32\winrnr.dll
0x00007ffc36830000 - 0x00007ffc3683a000 	C:\Windows\System32\rasadhlp.dll
0x00007ffc2d240000 - 0x00007ffc2d2bf000 	C:\WINDOWS\System32\fwpuclnt.dll
0x00007ffc401f0000 - 0x00007ffc40217000 	C:\WINDOWS\System32\bcrypt.dll
0x00007ffc3d8f0000 - 0x00007ffc3dad4000 	C:\WINDOWS\SYSTEM32\dbghelp.dll
0x00007ffc40330000 - 0x00007ffc403b0000 	C:\WINDOWS\System32\bcryptPrimitives.dll

VM Arguments:
jvm_args: -Xmx4G -Dclassworlds.conf=C:\apache-maven-3.6.3\bin\..\bin\m2.conf -Dmaven.home=C:\apache-maven-3.6.3\bin\.. -Dlibrary.jansi.path=C:\apache-maven-3.6.3\bin\..\lib\jansi-native -Dmaven.multiModuleProjectDirectory=C:\Users\USUARIO\Desktop\backend-slim4 
java_command: org.codehaus.plexus.classworlds.launcher.Launcher spring-boot:run
java_class_path (initial): C:\apache-maven-3.6.3\bin\..\boot\plexus-classworlds-2.6.0.jar
Launcher Type: SUN_STANDARD

Environment Variables:
JAVA_HOME=C:\Program Files\Java\jdk1.8.0_261
JRE_HOME=C:\Program Files\Java\jre1.8.0_281
CLASSPATH=C:\Program Files\IBM\Informix_JDBC_Driver\lib\ifxjdbc.jar;
PATH=C:\Program Files\Microsoft MPI\Bin\;C:\Program Files (x86)\Common Files\Oracle\Java\javapath;C:\Python39\Scripts\;C:\Python39\;C:\WINDOWS\system32;C:\WINDOWS;C:\WINDOWS\System32\Wbem;C:\WINDOWS\System32\WindowsPowerShell\v1.0\;C:\WINDOWS\System32\OpenSSH\;C:\Program Files\Git\cmd;C:\Program Files\nodejs\;C:\ProgramData\chocolatey\bin;C:\xampp\php;C:\composer;"C:\Program Files\IBM\Informix_JDBC_Driver\lib\ifxjdbc.jar;";C:\apache-maven-3.6.3\bin;C:\apache-tomcat-9.0.43\bin;C:\Program Files\Java\jdk1.8.0_261\bin;C:\Program Files\Java\jre1.8.0_281\bin;-Xms128m -Xmx512m -XX:PermSize=128m -XX:MaxPermSize=256m;C:\Program Files\Azure Data Studio\bin;C:\Program Files (x86)\Microsoft SQL Server\140\Tools\Binn\;C:\Program Files\Microsoft SQL Server\140\Tools\Binn\;C:\Program Files (x86)\Microsoft SQL Server\140\DTS\Binn\;C:\Program Files\Microsoft SQL Server\140\DTS\Binn\;C:\Program Files\Microsoft SQL Server\Client SDK\ODBC\130\Tools\Binn\;C:\Program Files (x86)\Microsoft SQL Server\150\DTS\Binn\;C:\Program Files\Microsoft SQL Server\Client SDK\ODBC\170\Tools\Binn\;C:\Program Files (x86)\Microsoft SQL Server\150\Tools\Binn\;C:\Program Files\Microsoft SQL Server\150\Tools\Binn\;C:\Program Files\Microsoft SQL Server\150\DTS\Binn\;C:\Users\USUARIO\AppData\Local\Microsoft\WindowsApps;C:\Users\USUARIO\AppData\Roaming\npm;C:\Users\USUARIO\AppData\Local\Programs\Microsoft VS Code\bin;C:\Users\USUARIO\AppData\Roaming\Composer\vendor\bin;C:\Program Files\JetBrains\IntelliJ IDEA 2020.2.3\bin;;C:\Program Files\MongoDB\Server\4.4\bin;"C:\Program Files\IBM\Informix_JDBC_Driver\lib\ifxjdbc.jar;";;C:\Program Files\Azure Data Studio\bin
USERNAME=USUARIO
OS=Windows_NT
PROCESSOR_IDENTIFIER=Intel64 Family 6 Model 126 Stepping 5, GenuineIntel



---------------  S Y S T E M  ---------------

OS: Windows 10.0 , 64 bit Build 19041 (10.0.19041.804)

CPU:total 8 (initial active 8) (4 cores per cpu, 2 threads per core) family 6 model 126 stepping 5, cmov, cx8, fxsr, mmx, sse, sse2, sse3, ssse3, sse4.1, sse4.2, popcnt, avx, avx2, aes, clmul, erms, 3dnowpref, lzcnt, ht, tsc, tscinvbit, bmi1, bmi2, adx

Memory: 4k page, physical 12380788k(1247464k free), swap 15964788k(16488k free)

vm_info: Java HotSpot(TM) 64-Bit Server VM (25.261-b12) for windows-amd64 JRE (1.8.0_261-b12), built on Jun 18 2020 06:56:32 by "" with unknown MS VC++:1916

time: Fri Mar 26 08:04:49 2021
timezone: Hora est. Pacífico, Sudamérica
elapsed time: 5 seconds (0d 0h 0m 5s)

